2023-10-20T16:20:38.803+0100 [DEBUG] [org.gradle.launcher.daemon.bootstrap.DaemonMain] Assuming the daemon was started with following jvm opts: [--add-opens=java.base/java.util=ALL-UNNAMED, --add-opens=java.base/java.lang=ALL-UNNAMED, --add-opens=java.base/java.lang.invoke=ALL-UNNAMED, --add-opens=java.prefs/java.util.prefs=ALL-UNNAMED, --add-opens=java.base/java.nio.charset=ALL-UNNAMED, --add-opens=java.base/java.net=ALL-UNNAMED, --add-opens=java.base/java.util.concurrent.atomic=ALL-UNNAMED, -Xmx2048m, -Dfile.encoding=UTF-8, -Duser.country=IN, -Duser.language=en, -Duser.variant]
2023-10-20T16:20:39.637+0100 [DEBUG] [org.gradle.internal.nativeintegration.services.NativeServices] Native-platform posix files integration is not available. Continuing with fallback.
2023-10-20T16:20:39.673+0100 [INFO] [org.gradle.launcher.daemon.server.Daemon] start() called on daemon - DefaultDaemonContext[uid=ac7e5501-9cc6-4c98-94b1-01b6a13ac97d,javaHome=C:\Program Files\Android\Android Studio\jbr,daemonRegistryDir=C:\Users\91836\AppList\fundamentalconceptbtn\daemon,pid=16672,idleTimeout=10800000,priority=NORMAL,daemonOpts=--add-opens=java.base/java.util=ALL-UNNAMED,--add-opens=java.base/java.lang=ALL-UNNAMED,--add-opens=java.base/java.lang.invoke=ALL-UNNAMED,--add-opens=java.prefs/java.util.prefs=ALL-UNNAMED,--add-opens=java.base/java.nio.charset=ALL-UNNAMED,--add-opens=java.base/java.net=ALL-UNNAMED,--add-opens=java.base/java.util.concurrent.atomic=ALL-UNNAMED,-Xmx2048m,-Dfile.encoding=UTF-8,-Duser.country=IN,-Duser.language=en,-Duser.variant]
2023-10-20T16:20:40.112+0100 [DEBUG] [org.gradle.internal.remote.internal.inet.InetAddresses] Adding IP addresses for network interface Software Loopback Interface 1
2023-10-20T16:20:40.115+0100 [DEBUG] [org.gradle.internal.remote.internal.inet.InetAddresses] Is this a loopback interface? true
2023-10-20T16:20:40.116+0100 [DEBUG] [org.gradle.internal.remote.internal.inet.InetAddresses] Adding loopback address /127.0.0.1
2023-10-20T16:20:40.116+0100 [DEBUG] [org.gradle.internal.remote.internal.inet.InetAddresses] Adding loopback address /0:0:0:0:0:0:0:1
2023-10-20T16:20:40.117+0100 [DEBUG] [org.gradle.internal.remote.internal.inet.InetAddresses] Adding IP addresses for network interface Microsoft 6to4 Adapter
2023-10-20T16:20:40.121+0100 [DEBUG] [org.gradle.internal.remote.internal.inet.InetAddresses] Is this a loopback interface? false
2023-10-20T16:20:40.122+0100 [DEBUG] [org.gradle.internal.remote.internal.inet.InetAddresses] Adding IP addresses for network interface WAN Miniport (SSTP)
2023-10-20T16:20:40.125+0100 [DEBUG] [org.gradle.internal.remote.internal.inet.InetAddresses] Is this a loopback interface? false
2023-10-20T16:20:40.126+0100 [DEBUG] [org.gradle.internal.remote.internal.inet.InetAddresses] Adding IP addresses for network interface WAN Miniport (IPv6)
2023-10-20T16:20:40.129+0100 [DEBUG] [org.gradle.internal.remote.internal.inet.InetAddresses] Is this a loopback interface? false
2023-10-20T16:20:40.130+0100 [DEBUG] [org.gradle.internal.remote.internal.inet.InetAddresses] Adding IP addresses for network interface WAN Miniport (PPPOE)
2023-10-20T16:20:40.135+0100 [DEBUG] [org.gradle.internal.remote.internal.inet.InetAddresses] Is this a loopback interface? false
2023-10-20T16:20:40.136+0100 [DEBUG] [org.gradle.internal.remote.internal.inet.InetAddresses] Adding IP addresses for network interface Microsoft IP-HTTPS Platform Adapter
2023-10-20T16:20:40.141+0100 [DEBUG] [org.gradle.internal.remote.internal.inet.InetAddresses] Is this a loopback interface? false
2023-10-20T16:20:40.141+0100 [DEBUG] [org.gradle.internal.remote.internal.inet.InetAddresses] Adding IP addresses for network interface WAN Miniport (Network Monitor)
2023-10-20T16:20:40.144+0100 [DEBUG] [org.gradle.internal.remote.internal.inet.InetAddresses] Is this a loopback interface? false
2023-10-20T16:20:40.144+0100 [DEBUG] [org.gradle.internal.remote.internal.inet.InetAddresses] Adding IP addresses for network interface Microsoft Kernel Debug Network Adapter
2023-10-20T16:20:40.147+0100 [DEBUG] [org.gradle.internal.remote.internal.inet.InetAddresses] Is this a loopback interface? false
2023-10-20T16:20:40.148+0100 [DEBUG] [org.gradle.internal.remote.internal.inet.InetAddresses] Adding IP addresses for network interface Realtek PCIe GbE Family Controller
2023-10-20T16:20:40.151+0100 [DEBUG] [org.gradle.internal.remote.internal.inet.InetAddresses] Is this a loopback interface? false
2023-10-20T16:20:40.151+0100 [DEBUG] [org.gradle.internal.remote.internal.inet.InetAddresses] Adding remote address /fe80:0:0:0:e2b3:c004:afbb:852b%eth3
2023-10-20T16:20:40.152+0100 [DEBUG] [org.gradle.internal.remote.internal.inet.InetAddresses] Adding IP addresses for network interface Microsoft Wi-Fi Direct Virtual Adapter #2
2023-10-20T16:20:40.154+0100 [DEBUG] [org.gradle.internal.remote.internal.inet.InetAddresses] Is this a loopback interface? false
2023-10-20T16:20:40.155+0100 [DEBUG] [org.gradle.internal.remote.internal.inet.InetAddresses] Adding remote address /fe80:0:0:0:adde:5b0a:6f9a:d504%wlan0
2023-10-20T16:20:40.155+0100 [DEBUG] [org.gradle.internal.remote.internal.inet.InetAddresses] Adding IP addresses for network interface WAN Miniport (IKEv2)
2023-10-20T16:20:40.158+0100 [DEBUG] [org.gradle.internal.remote.internal.inet.InetAddresses] Is this a loopback interface? false
2023-10-20T16:20:40.158+0100 [DEBUG] [org.gradle.internal.remote.internal.inet.InetAddresses] Adding IP addresses for network interface Microsoft Teredo Tunneling Adapter
2023-10-20T16:20:40.160+0100 [DEBUG] [org.gradle.internal.remote.internal.inet.InetAddresses] Is this a loopback interface? false
2023-10-20T16:20:40.161+0100 [DEBUG] [org.gradle.internal.remote.internal.inet.InetAddresses] Adding IP addresses for network interface WAN Miniport (L2TP)
2023-10-20T16:20:40.164+0100 [DEBUG] [org.gradle.internal.remote.internal.inet.InetAddresses] Is this a loopback interface? false
2023-10-20T16:20:40.165+0100 [DEBUG] [org.gradle.internal.remote.internal.inet.InetAddresses] Adding IP addresses for network interface Realtek RTL8821CE 802.11ac PCIe Adapter
2023-10-20T16:20:40.170+0100 [DEBUG] [org.gradle.internal.remote.internal.inet.InetAddresses] Is this a loopback interface? false
2023-10-20T16:20:40.171+0100 [DEBUG] [org.gradle.internal.remote.internal.inet.InetAddresses] Adding remote address /192.168.0.60
2023-10-20T16:20:40.171+0100 [DEBUG] [org.gradle.internal.remote.internal.inet.InetAddresses] Adding remote address /fe80:0:0:0:175e:5d3:8966:59cc%wlan1
2023-10-20T16:20:40.171+0100 [DEBUG] [org.gradle.internal.remote.internal.inet.InetAddresses] Adding IP addresses for network interface WAN Miniport (PPTP)
2023-10-20T16:20:40.174+0100 [DEBUG] [org.gradle.internal.remote.internal.inet.InetAddresses] Is this a loopback interface? false
2023-10-20T16:20:40.174+0100 [DEBUG] [org.gradle.internal.remote.internal.inet.InetAddresses] Adding IP addresses for network interface Microsoft Wi-Fi Direct Virtual Adapter
2023-10-20T16:20:40.177+0100 [DEBUG] [org.gradle.internal.remote.internal.inet.InetAddresses] Is this a loopback interface? false
2023-10-20T16:20:40.178+0100 [DEBUG] [org.gradle.internal.remote.internal.inet.InetAddresses] Adding remote address /fe80:0:0:0:9276:5ae4:1551:a77f%wlan2
2023-10-20T16:20:40.178+0100 [DEBUG] [org.gradle.internal.remote.internal.inet.InetAddresses] Adding IP addresses for network interface WAN Miniport (IP)
2023-10-20T16:20:40.181+0100 [DEBUG] [org.gradle.internal.remote.internal.inet.InetAddresses] Is this a loopback interface? false
2023-10-20T16:20:40.181+0100 [DEBUG] [org.gradle.internal.remote.internal.inet.InetAddresses] Adding IP addresses for network interface Bluetooth Device (Personal Area Network)
2023-10-20T16:20:40.184+0100 [DEBUG] [org.gradle.internal.remote.internal.inet.InetAddresses] Is this a loopback interface? false
2023-10-20T16:20:40.185+0100 [DEBUG] [org.gradle.internal.remote.internal.inet.InetAddresses] Adding remote address /fe80:0:0:0:5e9c:c54:8692:3347%eth5
2023-10-20T16:20:40.185+0100 [DEBUG] [org.gradle.internal.remote.internal.inet.InetAddresses] Adding IP addresses for network interface Realtek PCIe GbE Family Controller-WFP Native MAC Layer LightWeight Filter-0000
2023-10-20T16:20:40.188+0100 [DEBUG] [org.gradle.internal.remote.internal.inet.InetAddresses] Is this a loopback interface? false
2023-10-20T16:20:40.188+0100 [DEBUG] [org.gradle.internal.remote.internal.inet.InetAddresses] Adding IP addresses for network interface Realtek PCIe GbE Family Controller-QoS Packet Scheduler-0000
2023-10-20T16:20:40.190+0100 [DEBUG] [org.gradle.internal.remote.internal.inet.InetAddresses] Is this a loopback interface? false
2023-10-20T16:20:40.191+0100 [DEBUG] [org.gradle.internal.remote.internal.inet.InetAddresses] Adding IP addresses for network interface Realtek PCIe GbE Family Controller-WFP 802.3 MAC Layer LightWeight Filter-0000
2023-10-20T16:20:40.194+0100 [DEBUG] [org.gradle.internal.remote.internal.inet.InetAddresses] Is this a loopback interface? false
2023-10-20T16:20:40.194+0100 [DEBUG] [org.gradle.internal.remote.internal.inet.InetAddresses] Adding IP addresses for network interface Realtek RTL8821CE 802.11ac PCIe Adapter-WFP Native MAC Layer LightWeight Filter-0000
2023-10-20T16:20:40.197+0100 [DEBUG] [org.gradle.internal.remote.internal.inet.InetAddresses] Is this a loopback interface? false
2023-10-20T16:20:40.197+0100 [DEBUG] [org.gradle.internal.remote.internal.inet.InetAddresses] Adding IP addresses for network interface Realtek RTL8821CE 802.11ac PCIe Adapter-Virtual WiFi Filter Driver-0000
2023-10-20T16:20:40.200+0100 [DEBUG] [org.gradle.internal.remote.internal.inet.InetAddresses] Is this a loopback interface? false
2023-10-20T16:20:40.200+0100 [DEBUG] [org.gradle.internal.remote.internal.inet.InetAddresses] Adding IP addresses for network interface Realtek RTL8821CE 802.11ac PCIe Adapter-Native WiFi Filter Driver-0000
2023-10-20T16:20:40.203+0100 [DEBUG] [org.gradle.internal.remote.internal.inet.InetAddresses] Is this a loopback interface? false
2023-10-20T16:20:40.203+0100 [DEBUG] [org.gradle.internal.remote.internal.inet.InetAddresses] Adding IP addresses for network interface Realtek RTL8821CE 802.11ac PCIe Adapter-QoS Packet Scheduler-0000
2023-10-20T16:20:40.206+0100 [DEBUG] [org.gradle.internal.remote.internal.inet.InetAddresses] Is this a loopback interface? false
2023-10-20T16:20:40.206+0100 [DEBUG] [org.gradle.internal.remote.internal.inet.InetAddresses] Adding IP addresses for network interface Realtek RTL8821CE 802.11ac PCIe Adapter-WFP 802.3 MAC Layer LightWeight Filter-0000
2023-10-20T16:20:40.208+0100 [DEBUG] [org.gradle.internal.remote.internal.inet.InetAddresses] Is this a loopback interface? false
2023-10-20T16:20:40.209+0100 [DEBUG] [org.gradle.internal.remote.internal.inet.InetAddresses] Adding IP addresses for network interface Microsoft Wi-Fi Direct Virtual Adapter-WFP Native MAC Layer LightWeight Filter-0000
2023-10-20T16:20:40.211+0100 [DEBUG] [org.gradle.internal.remote.internal.inet.InetAddresses] Is this a loopback interface? false
2023-10-20T16:20:40.212+0100 [DEBUG] [org.gradle.internal.remote.internal.inet.InetAddresses] Adding IP addresses for network interface Microsoft Wi-Fi Direct Virtual Adapter-Native WiFi Filter Driver-0000
2023-10-20T16:20:40.215+0100 [DEBUG] [org.gradle.internal.remote.internal.inet.InetAddresses] Is this a loopback interface? false
2023-10-20T16:20:40.215+0100 [DEBUG] [org.gradle.internal.remote.internal.inet.InetAddresses] Adding IP addresses for network interface WAN Miniport (IP)-WFP Native MAC Layer LightWeight Filter-0000
2023-10-20T16:20:40.218+0100 [DEBUG] [org.gradle.internal.remote.internal.inet.InetAddresses] Is this a loopback interface? false
2023-10-20T16:20:40.218+0100 [DEBUG] [org.gradle.internal.remote.internal.inet.InetAddresses] Adding IP addresses for network interface WAN Miniport (IP)-QoS Packet Scheduler-0000
2023-10-20T16:20:40.222+0100 [DEBUG] [org.gradle.internal.remote.internal.inet.InetAddresses] Is this a loopback interface? false
2023-10-20T16:20:40.222+0100 [DEBUG] [org.gradle.internal.remote.internal.inet.InetAddresses] Adding IP addresses for network interface WAN Miniport (IPv6)-WFP Native MAC Layer LightWeight Filter-0000
2023-10-20T16:20:40.226+0100 [DEBUG] [org.gradle.internal.remote.internal.inet.InetAddresses] Is this a loopback interface? false
2023-10-20T16:20:40.226+0100 [DEBUG] [org.gradle.internal.remote.internal.inet.InetAddresses] Adding IP addresses for network interface WAN Miniport (IPv6)-QoS Packet Scheduler-0000
2023-10-20T16:20:40.229+0100 [DEBUG] [org.gradle.internal.remote.internal.inet.InetAddresses] Is this a loopback interface? false
2023-10-20T16:20:40.230+0100 [DEBUG] [org.gradle.internal.remote.internal.inet.InetAddresses] Adding IP addresses for network interface WAN Miniport (Network Monitor)-WFP Native MAC Layer LightWeight Filter-0000
2023-10-20T16:20:40.233+0100 [DEBUG] [org.gradle.internal.remote.internal.inet.InetAddresses] Is this a loopback interface? false
2023-10-20T16:20:40.233+0100 [DEBUG] [org.gradle.internal.remote.internal.inet.InetAddresses] Adding IP addresses for network interface WAN Miniport (Network Monitor)-QoS Packet Scheduler-0000
2023-10-20T16:20:40.235+0100 [DEBUG] [org.gradle.internal.remote.internal.inet.InetAddresses] Is this a loopback interface? false
2023-10-20T16:20:40.236+0100 [DEBUG] [org.gradle.internal.remote.internal.inet.InetAddresses] Adding IP addresses for network interface Microsoft Wi-Fi Direct Virtual Adapter-QoS Packet Scheduler-0000
2023-10-20T16:20:40.239+0100 [DEBUG] [org.gradle.internal.remote.internal.inet.InetAddresses] Is this a loopback interface? false
2023-10-20T16:20:40.239+0100 [DEBUG] [org.gradle.internal.remote.internal.inet.InetAddresses] Adding IP addresses for network interface Microsoft Wi-Fi Direct Virtual Adapter-WFP 802.3 MAC Layer LightWeight Filter-0000
2023-10-20T16:20:40.242+0100 [DEBUG] [org.gradle.internal.remote.internal.inet.InetAddresses] Is this a loopback interface? false
2023-10-20T16:20:40.243+0100 [DEBUG] [org.gradle.internal.remote.internal.inet.InetAddresses] Adding IP addresses for network interface Microsoft Wi-Fi Direct Virtual Adapter #2-WFP Native MAC Layer LightWeight Filter-0000
2023-10-20T16:20:40.245+0100 [DEBUG] [org.gradle.internal.remote.internal.inet.InetAddresses] Is this a loopback interface? false
2023-10-20T16:20:40.245+0100 [DEBUG] [org.gradle.internal.remote.internal.inet.InetAddresses] Adding IP addresses for network interface Microsoft Wi-Fi Direct Virtual Adapter #2-Native WiFi Filter Driver-0000
2023-10-20T16:20:40.248+0100 [DEBUG] [org.gradle.internal.remote.internal.inet.InetAddresses] Is this a loopback interface? false
2023-10-20T16:20:40.248+0100 [DEBUG] [org.gradle.internal.remote.internal.inet.InetAddresses] Adding IP addresses for network interface Microsoft Wi-Fi Direct Virtual Adapter #2-QoS Packet Scheduler-0000
2023-10-20T16:20:40.251+0100 [DEBUG] [org.gradle.internal.remote.internal.inet.InetAddresses] Is this a loopback interface? false
2023-10-20T16:20:40.251+0100 [DEBUG] [org.gradle.internal.remote.internal.inet.InetAddresses] Adding IP addresses for network interface Microsoft Wi-Fi Direct Virtual Adapter #2-WFP 802.3 MAC Layer LightWeight Filter-0000
2023-10-20T16:20:40.254+0100 [DEBUG] [org.gradle.internal.remote.internal.inet.InetAddresses] Is this a loopback interface? false
2023-10-20T16:20:40.262+0100 [DEBUG] [org.gradle.internal.remote.internal.inet.TcpIncomingConnector] Listening on [9b9fac48-7005-448c-9793-c36de487b535 port:59448, addresses:[localhost/127.0.0.1]].
2023-10-20T16:20:40.275+0100 [DEBUG] [org.gradle.launcher.daemon.server.Daemon] Daemon starting at: Fri Oct 20 16:20:40 BST 2023, with address: [9b9fac48-7005-448c-9793-c36de487b535 port:59448, addresses:[localhost/127.0.0.1]]
2023-10-20T16:20:40.276+0100 [INFO] [org.gradle.launcher.daemon.server.DaemonRegistryUpdater] Advertising the daemon address to the clients: [9b9fac48-7005-448c-9793-c36de487b535 port:59448, addresses:[localhost/127.0.0.1]]
2023-10-20T16:20:40.276+0100 [DEBUG] [org.gradle.launcher.daemon.server.DaemonRegistryUpdater] Advertised daemon context: DefaultDaemonContext[uid=ac7e5501-9cc6-4c98-94b1-01b6a13ac97d,javaHome=C:\Program Files\Android\Android Studio\jbr,daemonRegistryDir=C:\Users\91836\AppList\fundamentalconceptbtn\daemon,pid=16672,idleTimeout=10800000,priority=NORMAL,daemonOpts=--add-opens=java.base/java.util=ALL-UNNAMED,--add-opens=java.base/java.lang=ALL-UNNAMED,--add-opens=java.base/java.lang.invoke=ALL-UNNAMED,--add-opens=java.prefs/java.util.prefs=ALL-UNNAMED,--add-opens=java.base/java.nio.charset=ALL-UNNAMED,--add-opens=java.base/java.net=ALL-UNNAMED,--add-opens=java.base/java.util.concurrent.atomic=ALL-UNNAMED,-Xmx2048m,-Dfile.encoding=UTF-8,-Duser.country=IN,-Duser.language=en,-Duser.variant]
2023-10-20T16:20:40.277+0100 [DEBUG] [org.gradle.launcher.daemon.registry.PersistentDaemonRegistry] Storing daemon address: [9b9fac48-7005-448c-9793-c36de487b535 port:59448, addresses:[localhost/127.0.0.1]], context: DefaultDaemonContext[uid=ac7e5501-9cc6-4c98-94b1-01b6a13ac97d,javaHome=C:\Program Files\Android\Android Studio\jbr,daemonRegistryDir=C:\Users\91836\AppList\fundamentalconceptbtn\daemon,pid=16672,idleTimeout=10800000,priority=NORMAL,daemonOpts=--add-opens=java.base/java.util=ALL-UNNAMED,--add-opens=java.base/java.lang=ALL-UNNAMED,--add-opens=java.base/java.lang.invoke=ALL-UNNAMED,--add-opens=java.prefs/java.util.prefs=ALL-UNNAMED,--add-opens=java.base/java.nio.charset=ALL-UNNAMED,--add-opens=java.base/java.net=ALL-UNNAMED,--add-opens=java.base/java.util.concurrent.atomic=ALL-UNNAMED,-Xmx2048m,-Dfile.encoding=UTF-8,-Duser.country=IN,-Duser.language=en,-Duser.variant]
2023-10-20T16:20:40.295+0100 [DEBUG] [org.gradle.cache.internal.DefaultFileLockManager] Waiting to acquire exclusive lock on daemon addresses registry.
2023-10-20T16:20:40.303+0100 [DEBUG] [org.gradle.cache.internal.DefaultFileLockManager] Lock acquired on daemon addresses registry.
2023-10-20T16:20:40.313+0100 [DEBUG] [org.gradle.cache.internal.DefaultFileLockManager] Releasing lock on daemon addresses registry.
2023-10-20T16:20:40.314+0100 [LIFECYCLE] [org.gradle.launcher.daemon.server.Daemon] Daemon server started.
2023-10-20T16:20:40.316+0100 [DEBUG] [org.gradle.launcher.daemon.bootstrap.DaemonStartupCommunication] Completed writing the daemon greeting. Closing streams...
2023-10-20T16:20:40.329+0100 [DEBUG] [org.gradle.launcher.daemon.server.Daemon] stopOnExpiration() called on daemon
2023-10-20T16:20:40.331+0100 [DEBUG] [org.gradle.launcher.daemon.server.Daemon] awaitExpiration() called on daemon
2023-10-20T16:20:40.331+0100 [DEBUG] [org.gradle.launcher.daemon.server.DaemonStateCoordinator] daemon is running. Sleeping until state changes.
2023-10-20T16:20:40.332+0100 [DEBUG] [org.gradle.internal.remote.internal.inet.TcpIncomingConnector] Accepted connection from /127.0.0.1:59449 to /127.0.0.1:59448.
2023-10-20T16:20:40.489+0100 [DEBUG] [org.gradle.launcher.daemon.server.SynchronizedDispatchConnection] thread 22: received class org.gradle.launcher.daemon.protocol.Build
2023-10-20T16:20:40.489+0100 [DEBUG] [org.gradle.launcher.daemon.server.DefaultDaemonConnection] thread 22: Received non-IO message from client: Build{id=bffebcb8-511a-4001-9d58-68d439d17060, currentDir=C:\Users\91836\AppList\fundamentalconceptbtn}
2023-10-20T16:20:40.489+0100 [INFO] [org.gradle.launcher.daemon.server.DefaultIncomingConnectionHandler] Received command: Build{id=bffebcb8-511a-4001-9d58-68d439d17060, currentDir=C:\Users\91836\AppList\fundamentalconceptbtn}.
2023-10-20T16:20:40.490+0100 [DEBUG] [org.gradle.launcher.daemon.server.DefaultIncomingConnectionHandler] Starting executing command: Build{id=bffebcb8-511a-4001-9d58-68d439d17060, currentDir=C:\Users\91836\AppList\fundamentalconceptbtn} with connection: socket connection from /127.0.0.1:59448 to /127.0.0.1:59449.
2023-10-20T16:20:40.494+0100 [DEBUG] [org.gradle.launcher.daemon.server.DaemonStateCoordinator] Command execution: started DaemonCommandExecution[command = Build{id=bffebcb8-511a-4001-9d58-68d439d17060, currentDir=C:\Users\91836\AppList\fundamentalconceptbtn}, connection = DefaultDaemonConnection: socket connection from /127.0.0.1:59448 to /127.0.0.1:59449] after 0.0 minutes of idle
2023-10-20T16:20:40.495+0100 [INFO] [org.gradle.launcher.daemon.server.DaemonRegistryUpdater] Marking the daemon as busy, address: [9b9fac48-7005-448c-9793-c36de487b535 port:59448, addresses:[localhost/127.0.0.1]]
2023-10-20T16:20:40.495+0100 [DEBUG] [org.gradle.launcher.daemon.registry.PersistentDaemonRegistry] Marking busy by address: [9b9fac48-7005-448c-9793-c36de487b535 port:59448, addresses:[localhost/127.0.0.1]]
2023-10-20T16:20:40.497+0100 [DEBUG] [org.gradle.cache.internal.DefaultFileLockManager] Waiting to acquire exclusive lock on daemon addresses registry.
2023-10-20T16:20:40.498+0100 [DEBUG] [org.gradle.cache.internal.DefaultFileLockManager] Lock acquired on daemon addresses registry.
2023-10-20T16:20:40.500+0100 [DEBUG] [org.gradle.cache.internal.DefaultFileLockManager] Releasing lock on daemon addresses registry.
2023-10-20T16:20:40.501+0100 [DEBUG] [org.gradle.launcher.daemon.server.DaemonStateCoordinator] resetting idle timer
2023-10-20T16:20:40.502+0100 [DEBUG] [org.gradle.launcher.daemon.server.DaemonStateCoordinator] daemon is running. Sleeping until state changes.
2023-10-20T16:20:40.503+0100 [INFO] [org.gradle.launcher.daemon.server.exec.StartBuildOrRespondWithBusy] Daemon is about to start building Build{id=bffebcb8-511a-4001-9d58-68d439d17060, currentDir=C:\Users\91836\AppList\fundamentalconceptbtn}. Dispatching build started information...
2023-10-20T16:20:40.503+0100 [DEBUG] [org.gradle.launcher.daemon.server.SynchronizedDispatchConnection] thread 24: dispatching org.gradle.launcher.daemon.protocol.BuildStarted@6a56385a
2023-10-20T16:20:40.506+0100 [DEBUG] [org.gradle.launcher.daemon.server.exec.EstablishBuildEnvironment] Configuring env variables: [USERDOMAIN_ROAMINGPROFILE, PROCESSOR_LEVEL, RegionCode, SESSIONNAME, ALLUSERSPROFILE, PROCESSOR_ARCHITECTURE, PSModulePath, SystemDrive, USERNAME, ProgramFiles(x86), PATHEXT, DriverData, OneDriveConsumer, LIBJABRA_TRACE_LEVEL, platformcode, ProgramData, ProgramW6432, HOMEPATH, PROCESSOR_IDENTIFIER, ProgramFiles, PUBLIC, windir, =::, LOCALAPPDATA, ChocolateyLastPathUpdate, USERDOMAIN, LOGONSERVER, JAVA_HOME, EFC_22784, OneDrive, APPDATA, ChocolateyInstall, CommonProgramFiles, Path, OS, COMPUTERNAME, OnlineServices, PROCESSOR_REVISION, CommonProgramW6432, ComSpec, TEMP, SystemRoot, HOMEDRIVE, USERPROFILE, TMP, CommonProgramFiles(x86), NUMBER_OF_PROCESSORS, IDEA_INITIAL_DIRECTORY]
2023-10-20T16:20:40.508+0100 [DEBUG] [org.gradle.launcher.daemon.server.SynchronizedDispatchConnection] thread 22: received class org.gradle.launcher.daemon.protocol.CloseInput
2023-10-20T16:20:40.509+0100 [DEBUG] [org.gradle.launcher.daemon.server.DefaultDaemonConnection] thread 22: Received IO message from client: org.gradle.launcher.daemon.protocol.CloseInput@471996c1
2023-10-20T16:20:40.514+0100 [DEBUG] [org.gradle.launcher.daemon.server.exec.LogToClient] About to start relaying all logs to the client via the connection.
2023-10-20T16:20:40.515+0100 [INFO] [org.gradle.launcher.daemon.server.exec.LogToClient] The client will now receive all logging from the daemon (pid: 16672). The daemon log file: C:\Users\91836\AppList\fundamentalconceptbtn\daemon\8.0\daemon-16672.out.log
2023-10-20T16:20:40.519+0100 [INFO] [org.gradle.launcher.daemon.server.exec.LogAndCheckHealth] Starting build in new daemon [memory: 2 GiB]
2023-10-20T16:20:40.521+0100 [INFO] [org.gradle.launcher.daemon.server.exec.ForwardClientInput] Closing daemon's stdin at end of input.
2023-10-20T16:20:40.521+0100 [INFO] [org.gradle.launcher.daemon.server.exec.ForwardClientInput] The daemon will no longer process any standard input.
2023-10-20T16:20:40.528+0100 [DEBUG] [org.gradle.launcher.daemon.server.exec.ExecuteBuild] The daemon has started executing the build.
2023-10-20T16:20:40.529+0100 [DEBUG] [org.gradle.launcher.daemon.server.exec.ExecuteBuild] Executing build with daemon context: DefaultDaemonContext[uid=ac7e5501-9cc6-4c98-94b1-01b6a13ac97d,javaHome=C:\Program Files\Android\Android Studio\jbr,daemonRegistryDir=C:\Users\91836\AppList\fundamentalconceptbtn\daemon,pid=16672,idleTimeout=10800000,priority=NORMAL,daemonOpts=--add-opens=java.base/java.util=ALL-UNNAMED,--add-opens=java.base/java.lang=ALL-UNNAMED,--add-opens=java.base/java.lang.invoke=ALL-UNNAMED,--add-opens=java.prefs/java.util.prefs=ALL-UNNAMED,--add-opens=java.base/java.nio.charset=ALL-UNNAMED,--add-opens=java.base/java.net=ALL-UNNAMED,--add-opens=java.base/java.util.concurrent.atomic=ALL-UNNAMED,-Xmx2048m,-Dfile.encoding=UTF-8,-Duser.country=IN,-Duser.language=en,-Duser.variant]

BUILD SUCCESSFUL in 27s
2023-10-20T16:21:01.529+0100 [DEBUG] [org.gradle.launcher.daemon.server.exec.ExecuteBuild] The daemon has finished executing the build.
2023-10-20T16:21:01.546+0100 [DEBUG] [org.gradle.launcher.daemon.server.DaemonStateCoordinator] daemon is running. Sleeping until state changes.
2023-10-20T16:21:01.546+0100 [DEBUG] [org.gradle.launcher.daemon.server.DaemonStateCoordinator] Command execution: finished waiting for DaemonCommandExecution[command = Build{id=bffebcb8-511a-4001-9d58-68d439d17060, currentDir=C:\Users\91836\AppList\fundamentalconceptbtn}, connection = DefaultDaemonConnection: socket connection from /127.0.0.1:59448 to /127.0.0.1:59449]. Result org.gradle.launcher.daemon.server.DaemonStateCoordinator@54ac2790 with state Busy
2023-10-20T16:21:01.546+0100 [DEBUG] [org.gradle.launcher.daemon.server.DaemonStateCoordinator] Command execution: completed DaemonCommandExecution[command = Build{id=bffebcb8-511a-4001-9d58-68d439d17060, currentDir=C:\Users\91836\AppList\fundamentalconceptbtn}, connection = DefaultDaemonConnection: socket connection from /127.0.0.1:59448 to /127.0.0.1:59449]
2023-10-20T16:21:01.546+0100 [DEBUG] [org.gradle.launcher.daemon.server.DaemonStateCoordinator] resetting idle timer
2023-10-20T16:21:01.546+0100 [INFO] [org.gradle.launcher.daemon.server.DaemonRegistryUpdater] Marking the daemon as idle, address: [9b9fac48-7005-448c-9793-c36de487b535 port:59448, addresses:[localhost/127.0.0.1]]
2023-10-20T16:21:01.547+0100 [DEBUG] [org.gradle.launcher.daemon.registry.PersistentDaemonRegistry] Marking busy by address: [9b9fac48-7005-448c-9793-c36de487b535 port:59448, addresses:[localhost/127.0.0.1]]
2023-10-20T16:21:01.548+0100 [DEBUG] [org.gradle.cache.internal.DefaultFileLockManager] Waiting to acquire exclusive lock on daemon addresses registry.
2023-10-20T16:21:01.549+0100 [DEBUG] [org.gradle.cache.internal.DefaultFileLockManager] Lock acquired on daemon addresses registry.
2023-10-20T16:21:01.550+0100 [DEBUG] [org.gradle.cache.internal.DefaultFileLockManager] Releasing lock on daemon addresses registry.
2023-10-20T16:21:01.551+0100 [DEBUG] [org.gradle.launcher.daemon.server.DaemonStateCoordinator] daemon is running. Sleeping until state changes.
2023-10-20T16:21:01.551+0100 [DEBUG] [org.gradle.launcher.daemon.server.exec.ReturnResult] Daemon is dispatching the build result: Success[value=org.gradle.launcher.exec.BuildActionResult@29f36098]
2023-10-20T16:21:01.551+0100 [DEBUG] [org.gradle.launcher.daemon.server.SynchronizedDispatchConnection] thread 21: dispatching Success[value=org.gradle.launcher.exec.BuildActionResult@29f36098]
2023-10-20T16:21:01.552+0100 [DEBUG] [org.gradle.launcher.daemon.server.DefaultIncomingConnectionHandler] Finishing executing command: Build{id=bffebcb8-511a-4001-9d58-68d439d17060, currentDir=C:\Users\91836\AppList\fundamentalconceptbtn}
2023-10-20T16:21:02.027+0100 [DEBUG] [org.gradle.launcher.daemon.server.SynchronizedDispatchConnection] thread 22: received class org.gradle.launcher.daemon.protocol.Finished
2023-10-20T16:21:02.027+0100 [DEBUG] [org.gradle.launcher.daemon.server.DefaultDaemonConnection] thread 22: Received non-IO message from client: org.gradle.launcher.daemon.protocol.Finished@24a9af47
2023-10-20T16:21:02.028+0100 [DEBUG] [org.gradle.launcher.daemon.server.DefaultIncomingConnectionHandler] Received finished message: org.gradle.launcher.daemon.protocol.Finished@24a9af47
2023-10-20T16:21:02.028+0100 [DEBUG] [org.gradle.launcher.daemon.server.SynchronizedDispatchConnection] thread 21: stopping connection
2023-10-20T16:21:02.028+0100 [DEBUG] [org.gradle.internal.remote.internal.inet.SocketConnection] Discarding EOFException: java.io.EOFException
2023-10-20T16:21:02.028+0100 [DEBUG] [org.gradle.launcher.daemon.server.SynchronizedDispatchConnection] thread 22: received null
2023-10-20T16:21:02.029+0100 [DEBUG] [org.gradle.launcher.daemon.server.DefaultDaemonConnection] thread 22: Received end-of-input from client.
2023-10-20T16:21:02.030+0100 [DEBUG] [org.gradle.launcher.daemon.server.SynchronizedDispatchConnection] thread 21: stopping connection
2023-10-20T16:21:05.977+0100 [DEBUG] [org.gradle.process.internal.health.memory.DefaultMemoryManager] 847064678 memory requested, 641798144 free
2023-10-20T16:21:05.977+0100 [DEBUG] [org.gradle.workers.internal.WorkerDaemonExpiration] Will attempt to release 807 of memory
2023-10-20T16:21:05.977+0100 [DEBUG] [org.gradle.process.internal.health.memory.DefaultMemoryManager] 847064678 memory requested, 0 released, 641798144 free
2023-10-20T16:21:10.336+0100 [DEBUG] [org.gradle.cache.internal.DefaultFileLockManager] Waiting to acquire shared lock on daemon addresses registry.
2023-10-20T16:21:10.337+0100 [DEBUG] [org.gradle.cache.internal.DefaultFileLockManager] Lock acquired on daemon addresses registry.
2023-10-20T16:21:10.338+0100 [DEBUG] [org.gradle.cache.internal.DefaultFileLockManager] Releasing lock on daemon addresses registry.
2023-10-20T16:21:10.342+0100 [DEBUG] [org.gradle.cache.internal.DefaultFileLockManager] Waiting to acquire shared lock on daemon addresses registry.
2023-10-20T16:21:10.343+0100 [DEBUG] [org.gradle.cache.internal.DefaultFileLockManager] Lock acquired on daemon addresses registry.
2023-10-20T16:21:10.344+0100 [DEBUG] [org.gradle.cache.internal.DefaultFileLockManager] Releasing lock on daemon addresses registry.
2023-10-20T16:21:10.968+0100 [DEBUG] [org.gradle.process.internal.health.memory.DefaultMemoryManager] 847064678 memory requested, 509014016 free
2023-10-20T16:21:10.968+0100 [DEBUG] [org.gradle.workers.internal.WorkerDaemonExpiration] Will attempt to release 807 of memory
2023-10-20T16:21:10.968+0100 [DEBUG] [org.gradle.process.internal.health.memory.DefaultMemoryManager] 847064678 memory requested, 0 released, 509014016 free
2023-10-20T16:21:15.966+0100 [DEBUG] [org.gradle.process.internal.health.memory.DefaultMemoryManager] 847064678 memory requested, 615559168 free
2023-10-20T16:21:15.966+0100 [DEBUG] [org.gradle.workers.internal.WorkerDaemonExpiration] Will attempt to release 807 of memory
2023-10-20T16:21:15.967+0100 [DEBUG] [org.gradle.process.internal.health.memory.DefaultMemoryManager] 847064678 memory requested, 0 released, 615559168 free
2023-10-20T16:21:20.334+0100 [DEBUG] [org.gradle.cache.internal.DefaultFileLockManager] Waiting to acquire shared lock on daemon addresses registry.
2023-10-20T16:21:20.335+0100 [DEBUG] [org.gradle.cache.internal.DefaultFileLockManager] Lock acquired on daemon addresses registry.
2023-10-20T16:21:20.335+0100 [DEBUG] [org.gradle.cache.internal.DefaultFileLockManager] Releasing lock on daemon addresses registry.
2023-10-20T16:21:20.337+0100 [DEBUG] [org.gradle.cache.internal.DefaultFileLockManager] Waiting to acquire shared lock on daemon addresses registry.
2023-10-20T16:21:20.337+0100 [DEBUG] [org.gradle.cache.internal.DefaultFileLockManager] Lock acquired on daemon addresses registry.
2023-10-20T16:21:20.338+0100 [DEBUG] [org.gradle.cache.internal.DefaultFileLockManager] Releasing lock on daemon addresses registry.
2023-10-20T16:21:20.340+0100 [DEBUG] [org.gradle.cache.internal.DefaultFileLockManager] Waiting to acquire shared lock on daemon addresses registry.
2023-10-20T16:21:20.340+0100 [DEBUG] [org.gradle.cache.internal.DefaultFileLockManager] Lock acquired on daemon addresses registry.
2023-10-20T16:21:20.341+0100 [DEBUG] [org.gradle.cache.internal.DefaultFileLockManager] Releasing lock on daemon addresses registry.
2023-10-20T16:21:20.972+0100 [DEBUG] [org.gradle.process.internal.health.memory.DefaultMemoryManager] 847064678 memory requested, 626429952 free
2023-10-20T16:21:20.973+0100 [DEBUG] [org.gradle.workers.internal.WorkerDaemonExpiration] Will attempt to release 807 of memory
2023-10-20T16:21:20.973+0100 [DEBUG] [org.gradle.process.internal.health.memory.DefaultMemoryManager] 847064678 memory requested, 0 released, 626429952 free
2023-10-20T16:21:25.965+0100 [DEBUG] [org.gradle.process.internal.health.memory.DefaultMemoryManager] 847064678 memory requested, 638337024 free
2023-10-20T16:21:25.965+0100 [DEBUG] [org.gradle.workers.internal.WorkerDaemonExpiration] Will attempt to release 807 of memory
2023-10-20T16:21:25.965+0100 [DEBUG] [org.gradle.process.internal.health.memory.DefaultMemoryManager] 847064678 memory requested, 0 released, 638337024 free
2023-10-20T16:21:30.332+0100 [DEBUG] [org.gradle.cache.internal.DefaultFileLockManager] Waiting to acquire shared lock on daemon addresses registry.
2023-10-20T16:21:30.334+0100 [DEBUG] [org.gradle.cache.internal.DefaultFileLockManager] Lock acquired on daemon addresses registry.
2023-10-20T16:21:30.334+0100 [DEBUG] [org.gradle.cache.internal.DefaultFileLockManager] Releasing lock on daemon addresses registry.
2023-10-20T16:21:30.335+0100 [DEBUG] [org.gradle.cache.internal.DefaultFileLockManager] Waiting to acquire shared lock on daemon addresses registry.
2023-10-20T16:21:30.335+0100 [DEBUG] [org.gradle.cache.internal.DefaultFileLockManager] Lock acquired on daemon addresses registry.
2023-10-20T16:21:30.336+0100 [DEBUG] [org.gradle.cache.internal.DefaultFileLockManager] Releasing lock on daemon addresses registry.
2023-10-20T16:21:30.336+0100 [DEBUG] [org.gradle.cache.internal.DefaultFileLockManager] Waiting to acquire shared lock on daemon addresses registry.
2023-10-20T16:21:30.337+0100 [DEBUG] [org.gradle.cache.internal.DefaultFileLockManager] Lock acquired on daemon addresses registry.
2023-10-20T16:21:30.337+0100 [DEBUG] [org.gradle.cache.internal.DefaultFileLockManager] Releasing lock on daemon addresses registry.
2023-10-20T16:21:30.980+0100 [DEBUG] [org.gradle.process.internal.health.memory.DefaultMemoryManager] 847064678 memory requested, 660000768 free
2023-10-20T16:21:30.980+0100 [DEBUG] [org.gradle.workers.internal.WorkerDaemonExpiration] Will attempt to release 807 of memory
2023-10-20T16:21:30.981+0100 [DEBUG] [org.gradle.process.internal.health.memory.DefaultMemoryManager] 847064678 memory requested, 0 released, 660000768 free
2023-10-20T16:21:35.962+0100 [DEBUG] [org.gradle.process.internal.health.memory.DefaultMemoryManager] 847064678 memory requested, 423686144 free
2023-10-20T16:21:35.962+0100 [DEBUG] [org.gradle.workers.internal.WorkerDaemonExpiration] Will attempt to release 807 of memory
2023-10-20T16:21:35.962+0100 [DEBUG] [org.gradle.process.internal.health.memory.DefaultMemoryManager] 847064678 memory requested, 0 released, 423686144 free
2023-10-20T16:21:40.342+0100 [DEBUG] [org.gradle.cache.internal.DefaultFileLockManager] Waiting to acquire shared lock on daemon addresses registry.
2023-10-20T16:21:40.342+0100 [DEBUG] [org.gradle.cache.internal.DefaultFileLockManager] Lock acquired on daemon addresses registry.
2023-10-20T16:21:40.343+0100 [DEBUG] [org.gradle.cache.internal.DefaultFileLockManager] Releasing lock on daemon addresses registry.
2023-10-20T16:21:40.345+0100 [DEBUG] [org.gradle.cache.internal.DefaultFileLockManager] Waiting to acquire shared lock on daemon addresses registry.
2023-10-20T16:21:40.346+0100 [DEBUG] [org.gradle.cache.internal.DefaultFileLockManager] Lock acquired on daemon addresses registry.
2023-10-20T16:21:40.346+0100 [DEBUG] [org.gradle.cache.internal.DefaultFileLockManager] Releasing lock on daemon addresses registry.
2023-10-20T16:21:40.347+0100 [DEBUG] [org.gradle.cache.internal.DefaultFileLockManager] Waiting to acquire shared lock on daemon addresses registry.
2023-10-20T16:21:40.352+0100 [DEBUG] [org.gradle.cache.internal.DefaultFileLockManager] Lock acquired on daemon addresses registry.
2023-10-20T16:21:40.352+0100 [DEBUG] [org.gradle.cache.internal.DefaultFileLockManager] Releasing lock on daemon addresses registry.
2023-10-20T16:21:40.962+0100 [DEBUG] [org.gradle.process.internal.health.memory.DefaultMemoryManager] 847064678 memory requested, 726130688 free
2023-10-20T16:21:40.965+0100 [DEBUG] [org.gradle.workers.internal.WorkerDaemonExpiration] Will attempt to release 807 of memory
2023-10-20T16:21:40.965+0100 [DEBUG] [org.gradle.process.internal.health.memory.DefaultMemoryManager] 847064678 memory requested, 0 released, 726130688 free
2023-10-20T16:21:45.962+0100 [DEBUG] [org.gradle.process.internal.health.memory.DefaultMemoryManager] 847064678 memory requested, 517677056 free
2023-10-20T16:21:45.962+0100 [DEBUG] [org.gradle.workers.internal.WorkerDaemonExpiration] Will attempt to release 807 of memory
2023-10-20T16:21:45.962+0100 [DEBUG] [org.gradle.process.internal.health.memory.DefaultMemoryManager] 847064678 memory requested, 0 released, 517677056 free
2023-10-20T16:21:50.339+0100 [DEBUG] [org.gradle.cache.internal.DefaultFileLockManager] Waiting to acquire shared lock on daemon addresses registry.
2023-10-20T16:21:50.340+0100 [DEBUG] [org.gradle.cache.internal.DefaultFileLockManager] Lock acquired on daemon addresses registry.
2023-10-20T16:21:50.342+0100 [DEBUG] [org.gradle.cache.internal.DefaultFileLockManager] Releasing lock on daemon addresses registry.
2023-10-20T16:21:50.364+0100 [DEBUG] [org.gradle.cache.internal.DefaultFileLockManager] Waiting to acquire shared lock on daemon addresses registry.
2023-10-20T16:21:50.365+0100 [DEBUG] [org.gradle.cache.internal.DefaultFileLockManager] Lock acquired on daemon addresses registry.
2023-10-20T16:21:50.367+0100 [DEBUG] [org.gradle.cache.internal.DefaultFileLockManager] Releasing lock on daemon addresses registry.
2023-10-20T16:21:50.371+0100 [DEBUG] [org.gradle.cache.internal.DefaultFileLockManager] Waiting to acquire shared lock on daemon addresses registry.
2023-10-20T16:21:50.372+0100 [DEBUG] [org.gradle.cache.internal.DefaultFileLockManager] Lock acquired on daemon addresses registry.
2023-10-20T16:21:50.373+0100 [DEBUG] [org.gradle.cache.internal.DefaultFileLockManager] Releasing lock on daemon addresses registry.
2023-10-20T16:21:50.968+0100 [DEBUG] [org.gradle.process.internal.health.memory.DefaultMemoryManager] 847064678 memory requested, 642617344 free
2023-10-20T16:21:50.968+0100 [DEBUG] [org.gradle.workers.internal.WorkerDaemonExpiration] Will attempt to release 807 of memory
2023-10-20T16:21:50.968+0100 [DEBUG] [org.gradle.process.internal.health.memory.DefaultMemoryManager] 847064678 memory requested, 0 released, 642617344 free
2023-10-20T16:21:52.338+0100 [DEBUG] [org.gradle.internal.remote.internal.inet.TcpIncomingConnector] Accepted connection from /127.0.0.1:59476 to /127.0.0.1:59448.
2023-10-20T16:21:52.503+0100 [DEBUG] [org.gradle.launcher.daemon.server.SynchronizedDispatchConnection] thread 143: received class org.gradle.launcher.daemon.protocol.Build
2023-10-20T16:21:52.504+0100 [DEBUG] [org.gradle.launcher.daemon.server.DefaultDaemonConnection] thread 143: Received non-IO message from client: Build{id=2c109dd9-eb44-4e90-8c47-ba1e826a28b8, currentDir=C:\Users\91836\AppList\fundamentalconceptbtn}
2023-10-20T16:21:52.506+0100 [INFO] [org.gradle.launcher.daemon.server.DefaultIncomingConnectionHandler] Received command: Build{id=2c109dd9-eb44-4e90-8c47-ba1e826a28b8, currentDir=C:\Users\91836\AppList\fundamentalconceptbtn}.
2023-10-20T16:21:52.506+0100 [DEBUG] [org.gradle.launcher.daemon.server.DefaultIncomingConnectionHandler] Starting executing command: Build{id=2c109dd9-eb44-4e90-8c47-ba1e826a28b8, currentDir=C:\Users\91836\AppList\fundamentalconceptbtn} with connection: socket connection from /127.0.0.1:59448 to /127.0.0.1:59476.
2023-10-20T16:21:52.512+0100 [DEBUG] [org.gradle.launcher.daemon.server.DaemonStateCoordinator] Command execution: started DaemonCommandExecution[command = Build{id=2c109dd9-eb44-4e90-8c47-ba1e826a28b8, currentDir=C:\Users\91836\AppList\fundamentalconceptbtn}, connection = DefaultDaemonConnection: socket connection from /127.0.0.1:59448 to /127.0.0.1:59476] after 0.0 minutes of idle
2023-10-20T16:21:52.512+0100 [INFO] [org.gradle.launcher.daemon.server.DaemonRegistryUpdater] Marking the daemon as busy, address: [9b9fac48-7005-448c-9793-c36de487b535 port:59448, addresses:[localhost/127.0.0.1]]
2023-10-20T16:21:52.512+0100 [DEBUG] [org.gradle.launcher.daemon.registry.PersistentDaemonRegistry] Marking busy by address: [9b9fac48-7005-448c-9793-c36de487b535 port:59448, addresses:[localhost/127.0.0.1]]
2023-10-20T16:21:52.514+0100 [DEBUG] [org.gradle.cache.internal.DefaultFileLockManager] Waiting to acquire exclusive lock on daemon addresses registry.
2023-10-20T16:21:52.517+0100 [DEBUG] [org.gradle.cache.internal.DefaultFileLockManager] Lock acquired on daemon addresses registry.
2023-10-20T16:21:52.520+0100 [DEBUG] [org.gradle.cache.internal.DefaultFileLockManager] Releasing lock on daemon addresses registry.
2023-10-20T16:21:52.520+0100 [DEBUG] [org.gradle.launcher.daemon.server.DaemonStateCoordinator] resetting idle timer
2023-10-20T16:21:52.521+0100 [DEBUG] [org.gradle.launcher.daemon.server.DaemonStateCoordinator] daemon is running. Sleeping until state changes.
2023-10-20T16:21:52.522+0100 [INFO] [org.gradle.launcher.daemon.server.exec.StartBuildOrRespondWithBusy] Daemon is about to start building Build{id=2c109dd9-eb44-4e90-8c47-ba1e826a28b8, currentDir=C:\Users\91836\AppList\fundamentalconceptbtn}. Dispatching build started information...
2023-10-20T16:21:52.522+0100 [DEBUG] [org.gradle.launcher.daemon.server.SynchronizedDispatchConnection] thread 24: dispatching org.gradle.launcher.daemon.protocol.BuildStarted@2e420bf5
2023-10-20T16:21:52.528+0100 [DEBUG] [org.gradle.launcher.daemon.server.SynchronizedDispatchConnection] thread 143: received class org.gradle.launcher.daemon.protocol.CloseInput
2023-10-20T16:21:52.528+0100 [DEBUG] [org.gradle.launcher.daemon.server.DefaultDaemonConnection] thread 143: Received IO message from client: org.gradle.launcher.daemon.protocol.CloseInput@5abd0031
2023-10-20T16:21:52.534+0100 [DEBUG] [org.gradle.launcher.daemon.server.exec.EstablishBuildEnvironment] Configuring env variables: [USERDOMAIN_ROAMINGPROFILE, PROCESSOR_LEVEL, RegionCode, SESSIONNAME, ALLUSERSPROFILE, PROCESSOR_ARCHITECTURE, PSModulePath, SystemDrive, USERNAME, ProgramFiles(x86), PATHEXT, DriverData, OneDriveConsumer, LIBJABRA_TRACE_LEVEL, platformcode, ProgramData, ProgramW6432, HOMEPATH, PROCESSOR_IDENTIFIER, ProgramFiles, PUBLIC, windir, =::, LOCALAPPDATA, ChocolateyLastPathUpdate, USERDOMAIN, LOGONSERVER, JAVA_HOME, EFC_22784, OneDrive, APPDATA, ChocolateyInstall, CommonProgramFiles, Path, OS, COMPUTERNAME, OnlineServices, PROCESSOR_REVISION, CommonProgramW6432, ComSpec, TEMP, SystemRoot, HOMEDRIVE, USERPROFILE, TMP, CommonProgramFiles(x86), NUMBER_OF_PROCESSORS, IDEA_INITIAL_DIRECTORY]
2023-10-20T16:21:52.549+0100 [DEBUG] [org.gradle.launcher.daemon.server.exec.LogToClient] About to start relaying all logs to the client via the connection.
2023-10-20T16:21:52.551+0100 [INFO] [org.gradle.launcher.daemon.server.exec.LogToClient] The client will now receive all logging from the daemon (pid: 16672). The daemon log file: C:\Users\91836\AppList\fundamentalconceptbtn\daemon\8.0\daemon-16672.out.log
2023-10-20T16:21:52.670+0100 [INFO] [org.gradle.launcher.daemon.server.exec.LogAndCheckHealth] Starting 2nd build in daemon [uptime: 1 mins 13.611 secs, performance: 99%, GC rate: 0.00/s, heap usage: 0% of 2 GiB]
2023-10-20T16:21:52.672+0100 [INFO] [org.gradle.launcher.daemon.server.exec.ForwardClientInput] Closing daemon's stdin at end of input.
2023-10-20T16:21:52.673+0100 [INFO] [org.gradle.launcher.daemon.server.exec.ForwardClientInput] The daemon will no longer process any standard input.
2023-10-20T16:21:52.672+0100 [DEBUG] [org.gradle.launcher.daemon.server.exec.ExecuteBuild] The daemon has started executing the build.
2023-10-20T16:21:52.673+0100 [DEBUG] [org.gradle.launcher.daemon.server.exec.ExecuteBuild] Executing build with daemon context: DefaultDaemonContext[uid=ac7e5501-9cc6-4c98-94b1-01b6a13ac97d,javaHome=C:\Program Files\Android\Android Studio\jbr,daemonRegistryDir=C:\Users\91836\AppList\fundamentalconceptbtn\daemon,pid=16672,idleTimeout=10800000,priority=NORMAL,daemonOpts=--add-opens=java.base/java.util=ALL-UNNAMED,--add-opens=java.base/java.lang=ALL-UNNAMED,--add-opens=java.base/java.lang.invoke=ALL-UNNAMED,--add-opens=java.prefs/java.util.prefs=ALL-UNNAMED,--add-opens=java.base/java.nio.charset=ALL-UNNAMED,--add-opens=java.base/java.net=ALL-UNNAMED,--add-opens=java.base/java.util.concurrent.atomic=ALL-UNNAMED,-Xmx2048m,-Dfile.encoding=UTF-8,-Duser.country=IN,-Duser.language=en,-Duser.variant]

BUILD SUCCESSFUL in 5s
2023-10-20T16:21:57.606+0100 [DEBUG] [org.gradle.launcher.daemon.server.exec.ExecuteBuild] The daemon has finished executing the build.
2023-10-20T16:21:57.623+0100 [DEBUG] [org.gradle.launcher.daemon.server.DaemonStateCoordinator] Command execution: finished waiting for DaemonCommandExecution[command = Build{id=2c109dd9-eb44-4e90-8c47-ba1e826a28b8, currentDir=C:\Users\91836\AppList\fundamentalconceptbtn}, connection = DefaultDaemonConnection: socket connection from /127.0.0.1:59448 to /127.0.0.1:59476]. Result org.gradle.launcher.daemon.server.DaemonStateCoordinator@54ac2790 with state Busy
2023-10-20T16:21:57.623+0100 [DEBUG] [org.gradle.launcher.daemon.server.DaemonStateCoordinator] Command execution: completed DaemonCommandExecution[command = Build{id=2c109dd9-eb44-4e90-8c47-ba1e826a28b8, currentDir=C:\Users\91836\AppList\fundamentalconceptbtn}, connection = DefaultDaemonConnection: socket connection from /127.0.0.1:59448 to /127.0.0.1:59476]
2023-10-20T16:21:57.623+0100 [DEBUG] [org.gradle.launcher.daemon.server.DaemonStateCoordinator] resetting idle timer
2023-10-20T16:21:57.623+0100 [INFO] [org.gradle.launcher.daemon.server.DaemonRegistryUpdater] Marking the daemon as idle, address: [9b9fac48-7005-448c-9793-c36de487b535 port:59448, addresses:[localhost/127.0.0.1]]
2023-10-20T16:21:57.624+0100 [DEBUG] [org.gradle.launcher.daemon.registry.PersistentDaemonRegistry] Marking busy by address: [9b9fac48-7005-448c-9793-c36de487b535 port:59448, addresses:[localhost/127.0.0.1]]
2023-10-20T16:21:57.625+0100 [DEBUG] [org.gradle.cache.internal.DefaultFileLockManager] Waiting to acquire exclusive lock on daemon addresses registry.
2023-10-20T16:21:57.626+0100 [DEBUG] [org.gradle.cache.internal.DefaultFileLockManager] Lock acquired on daemon addresses registry.
2023-10-20T16:21:57.628+0100 [DEBUG] [org.gradle.cache.internal.DefaultFileLockManager] Releasing lock on daemon addresses registry.
2023-10-20T16:21:57.629+0100 [DEBUG] [org.gradle.launcher.daemon.server.DaemonStateCoordinator] daemon is running. Sleeping until state changes.
2023-10-20T16:21:57.629+0100 [DEBUG] [org.gradle.launcher.daemon.server.exec.ReturnResult] Daemon is dispatching the build result: Success[value=org.gradle.launcher.exec.BuildActionResult@2048eee2]
2023-10-20T16:21:57.629+0100 [DEBUG] [org.gradle.launcher.daemon.server.SynchronizedDispatchConnection] thread 21: dispatching Success[value=org.gradle.launcher.exec.BuildActionResult@2048eee2]
2023-10-20T16:21:57.630+0100 [DEBUG] [org.gradle.launcher.daemon.server.DefaultIncomingConnectionHandler] Finishing executing command: Build{id=2c109dd9-eb44-4e90-8c47-ba1e826a28b8, currentDir=C:\Users\91836\AppList\fundamentalconceptbtn}
2023-10-20T16:21:57.679+0100 [DEBUG] [org.gradle.launcher.daemon.server.SynchronizedDispatchConnection] thread 143: received class org.gradle.launcher.daemon.protocol.Finished
2023-10-20T16:21:57.679+0100 [DEBUG] [org.gradle.launcher.daemon.server.DefaultDaemonConnection] thread 143: Received non-IO message from client: org.gradle.launcher.daemon.protocol.Finished@547af516
2023-10-20T16:21:57.679+0100 [DEBUG] [org.gradle.launcher.daemon.server.DefaultIncomingConnectionHandler] Received finished message: org.gradle.launcher.daemon.protocol.Finished@547af516
2023-10-20T16:21:57.679+0100 [DEBUG] [org.gradle.launcher.daemon.server.SynchronizedDispatchConnection] thread 21: stopping connection
2023-10-20T16:21:57.680+0100 [DEBUG] [org.gradle.internal.remote.internal.inet.SocketConnection] Discarding EOFException: java.io.EOFException
2023-10-20T16:21:57.680+0100 [DEBUG] [org.gradle.launcher.daemon.server.SynchronizedDispatchConnection] thread 143: received null
2023-10-20T16:21:57.680+0100 [DEBUG] [org.gradle.launcher.daemon.server.DefaultDaemonConnection] thread 143: Received end-of-input from client.
2023-10-20T16:21:57.680+0100 [DEBUG] [org.gradle.launcher.daemon.server.SynchronizedDispatchConnection] thread 21: stopping connection
2023-10-20T16:22:00.342+0100 [DEBUG] [org.gradle.cache.internal.DefaultFileLockManager] Waiting to acquire shared lock on daemon addresses registry.
2023-10-20T16:22:00.343+0100 [DEBUG] [org.gradle.cache.internal.DefaultFileLockManager] Lock acquired on daemon addresses registry.
2023-10-20T16:22:00.344+0100 [DEBUG] [org.gradle.cache.internal.DefaultFileLockManager] Releasing lock on daemon addresses registry.
2023-10-20T16:22:00.347+0100 [DEBUG] [org.gradle.cache.internal.DefaultFileLockManager] Waiting to acquire shared lock on daemon addresses registry.
2023-10-20T16:22:00.347+0100 [DEBUG] [org.gradle.cache.internal.DefaultFileLockManager] Lock acquired on daemon addresses registry.
2023-10-20T16:22:00.348+0100 [DEBUG] [org.gradle.cache.internal.DefaultFileLockManager] Releasing lock on daemon addresses registry.
2023-10-20T16:22:00.980+0100 [DEBUG] [org.gradle.process.internal.health.memory.DefaultMemoryManager] 847064678 memory requested, 491782144 free
2023-10-20T16:22:00.980+0100 [DEBUG] [org.gradle.workers.internal.WorkerDaemonExpiration] Will attempt to release 807 of memory
2023-10-20T16:22:00.980+0100 [DEBUG] [org.gradle.process.internal.health.memory.DefaultMemoryManager] 847064678 memory requested, 0 released, 491782144 free
2023-10-20T16:22:05.962+0100 [DEBUG] [org.gradle.process.internal.health.memory.DefaultMemoryManager] 847064678 memory requested, 815509504 free
2023-10-20T16:22:05.963+0100 [DEBUG] [org.gradle.workers.internal.WorkerDaemonExpiration] Will attempt to release 807 of memory
2023-10-20T16:22:05.963+0100 [DEBUG] [org.gradle.process.internal.health.memory.DefaultMemoryManager] 847064678 memory requested, 0 released, 815509504 free
2023-10-20T16:22:10.342+0100 [DEBUG] [org.gradle.cache.internal.DefaultFileLockManager] Waiting to acquire shared lock on daemon addresses registry.
2023-10-20T16:22:10.342+0100 [DEBUG] [org.gradle.cache.internal.DefaultFileLockManager] Lock acquired on daemon addresses registry.
2023-10-20T16:22:10.342+0100 [DEBUG] [org.gradle.cache.internal.DefaultFileLockManager] Releasing lock on daemon addresses registry.
2023-10-20T16:22:10.343+0100 [DEBUG] [org.gradle.cache.internal.DefaultFileLockManager] Waiting to acquire shared lock on daemon addresses registry.
2023-10-20T16:22:10.343+0100 [DEBUG] [org.gradle.cache.internal.DefaultFileLockManager] Lock acquired on daemon addresses registry.
2023-10-20T16:22:10.343+0100 [DEBUG] [org.gradle.cache.internal.DefaultFileLockManager] Releasing lock on daemon addresses registry.
2023-10-20T16:22:10.344+0100 [DEBUG] [org.gradle.cache.internal.DefaultFileLockManager] Waiting to acquire shared lock on daemon addresses registry.
2023-10-20T16:22:10.344+0100 [DEBUG] [org.gradle.cache.internal.DefaultFileLockManager] Lock acquired on daemon addresses registry.
2023-10-20T16:22:10.344+0100 [DEBUG] [org.gradle.cache.internal.DefaultFileLockManager] Releasing lock on daemon addresses registry.
2023-10-20T16:22:20.346+0100 [DEBUG] [org.gradle.cache.internal.DefaultFileLockManager] Waiting to acquire shared lock on daemon addresses registry.
2023-10-20T16:22:20.346+0100 [DEBUG] [org.gradle.cache.internal.DefaultFileLockManager] Lock acquired on daemon addresses registry.
2023-10-20T16:22:20.347+0100 [DEBUG] [org.gradle.cache.internal.DefaultFileLockManager] Releasing lock on daemon addresses registry.
2023-10-20T16:22:20.348+0100 [DEBUG] [org.gradle.cache.internal.DefaultFileLockManager] Waiting to acquire shared lock on daemon addresses registry.
2023-10-20T16:22:20.348+0100 [DEBUG] [org.gradle.cache.internal.DefaultFileLockManager] Lock acquired on daemon addresses registry.
2023-10-20T16:22:20.349+0100 [DEBUG] [org.gradle.cache.internal.DefaultFileLockManager] Releasing lock on daemon addresses registry.
2023-10-20T16:22:20.350+0100 [DEBUG] [org.gradle.cache.internal.DefaultFileLockManager] Waiting to acquire shared lock on daemon addresses registry.
2023-10-20T16:22:20.350+0100 [DEBUG] [org.gradle.cache.internal.DefaultFileLockManager] Lock acquired on daemon addresses registry.
2023-10-20T16:22:20.350+0100 [DEBUG] [org.gradle.cache.internal.DefaultFileLockManager] Releasing lock on daemon addresses registry.
2023-10-20T16:22:30.348+0100 [DEBUG] [org.gradle.cache.internal.DefaultFileLockManager] Waiting to acquire shared lock on daemon addresses registry.
2023-10-20T16:22:30.349+0100 [DEBUG] [org.gradle.cache.internal.DefaultFileLockManager] Lock acquired on daemon addresses registry.
2023-10-20T16:22:30.351+0100 [DEBUG] [org.gradle.cache.internal.DefaultFileLockManager] Releasing lock on daemon addresses registry.
2023-10-20T16:22:30.353+0100 [DEBUG] [org.gradle.cache.internal.DefaultFileLockManager] Waiting to acquire shared lock on daemon addresses registry.
2023-10-20T16:22:30.354+0100 [DEBUG] [org.gradle.cache.internal.DefaultFileLockManager] Lock acquired on daemon addresses registry.
2023-10-20T16:22:30.355+0100 [DEBUG] [org.gradle.cache.internal.DefaultFileLockManager] Releasing lock on daemon addresses registry.
2023-10-20T16:22:30.356+0100 [DEBUG] [org.gradle.cache.internal.DefaultFileLockManager] Waiting to acquire shared lock on daemon addresses registry.
2023-10-20T16:22:30.357+0100 [DEBUG] [org.gradle.cache.internal.DefaultFileLockManager] Lock acquired on daemon addresses registry.
2023-10-20T16:22:30.358+0100 [DEBUG] [org.gradle.cache.internal.DefaultFileLockManager] Releasing lock on daemon addresses registry.
2023-10-20T16:22:40.347+0100 [DEBUG] [org.gradle.cache.internal.DefaultFileLockManager] Waiting to acquire shared lock on daemon addresses registry.
2023-10-20T16:22:40.347+0100 [DEBUG] [org.gradle.cache.internal.DefaultFileLockManager] Lock acquired on daemon addresses registry.
2023-10-20T16:22:40.348+0100 [DEBUG] [org.gradle.cache.internal.DefaultFileLockManager] Releasing lock on daemon addresses registry.
2023-10-20T16:22:40.351+0100 [DEBUG] [org.gradle.cache.internal.DefaultFileLockManager] Waiting to acquire shared lock on daemon addresses registry.
2023-10-20T16:22:40.352+0100 [DEBUG] [org.gradle.cache.internal.DefaultFileLockManager] Lock acquired on daemon addresses registry.
2023-10-20T16:22:40.353+0100 [DEBUG] [org.gradle.cache.internal.DefaultFileLockManager] Releasing lock on daemon addresses registry.
2023-10-20T16:22:40.355+0100 [DEBUG] [org.gradle.cache.internal.DefaultFileLockManager] Waiting to acquire shared lock on daemon addresses registry.
2023-10-20T16:22:40.356+0100 [DEBUG] [org.gradle.cache.internal.DefaultFileLockManager] Lock acquired on daemon addresses registry.
2023-10-20T16:22:40.356+0100 [DEBUG] [org.gradle.cache.internal.DefaultFileLockManager] Releasing lock on daemon addresses registry.
2023-10-20T16:22:50.332+0100 [DEBUG] [org.gradle.cache.internal.DefaultFileLockManager] Waiting to acquire shared lock on daemon addresses registry.
2023-10-20T16:22:50.332+0100 [DEBUG] [org.gradle.cache.internal.DefaultFileLockManager] Lock acquired on daemon addresses registry.
2023-10-20T16:22:50.332+0100 [DEBUG] [org.gradle.cache.internal.DefaultFileLockManager] Releasing lock on daemon addresses registry.
2023-10-20T16:22:50.333+0100 [DEBUG] [org.gradle.cache.internal.DefaultFileLockManager] Waiting to acquire shared lock on daemon addresses registry.
2023-10-20T16:22:50.333+0100 [DEBUG] [org.gradle.cache.internal.DefaultFileLockManager] Lock acquired on daemon addresses registry.
2023-10-20T16:22:50.333+0100 [DEBUG] [org.gradle.cache.internal.DefaultFileLockManager] Releasing lock on daemon addresses registry.
2023-10-20T16:22:50.334+0100 [DEBUG] [org.gradle.cache.internal.DefaultFileLockManager] Waiting to acquire shared lock on daemon addresses registry.
2023-10-20T16:22:50.334+0100 [DEBUG] [org.gradle.cache.internal.DefaultFileLockManager] Lock acquired on daemon addresses registry.
2023-10-20T16:22:50.334+0100 [DEBUG] [org.gradle.cache.internal.DefaultFileLockManager] Releasing lock on daemon addresses registry.
2023-10-20T16:23:00.345+0100 [DEBUG] [org.gradle.cache.internal.DefaultFileLockManager] Waiting to acquire shared lock on daemon addresses registry.
2023-10-20T16:23:00.346+0100 [DEBUG] [org.gradle.cache.internal.DefaultFileLockManager] Lock acquired on daemon addresses registry.
2023-10-20T16:23:00.347+0100 [DEBUG] [org.gradle.cache.internal.DefaultFileLockManager] Releasing lock on daemon addresses registry.
2023-10-20T16:23:00.350+0100 [DEBUG] [org.gradle.cache.internal.DefaultFileLockManager] Waiting to acquire shared lock on daemon addresses registry.
2023-10-20T16:23:00.351+0100 [DEBUG] [org.gradle.cache.internal.DefaultFileLockManager] Lock acquired on daemon addresses registry.
2023-10-20T16:23:00.352+0100 [DEBUG] [org.gradle.cache.internal.DefaultFileLockManager] Releasing lock on daemon addresses registry.
2023-10-20T16:23:00.354+0100 [DEBUG] [org.gradle.cache.internal.DefaultFileLockManager] Waiting to acquire shared lock on daemon addresses registry.
2023-10-20T16:23:00.354+0100 [DEBUG] [org.gradle.cache.internal.DefaultFileLockManager] Lock acquired on daemon addresses registry.
2023-10-20T16:23:00.355+0100 [DEBUG] [org.gradle.cache.internal.DefaultFileLockManager] Releasing lock on daemon addresses registry.
2023-10-20T16:23:05.124+0100 [DEBUG] [org.gradle.internal.remote.internal.inet.TcpIncomingConnector] Accepted connection from /127.0.0.1:59496 to /127.0.0.1:59448.
2023-10-20T16:23:05.140+0100 [DEBUG] [org.gradle.internal.remote.internal.inet.TcpIncomingConnector] Accepted connection from /127.0.0.1:59497 to /127.0.0.1:59448.
2023-10-20T16:23:05.144+0100 [DEBUG] [org.gradle.launcher.daemon.server.SynchronizedDispatchConnection] thread 247: received class org.gradle.launcher.daemon.protocol.InvalidateVirtualFileSystem
2023-10-20T16:23:05.145+0100 [DEBUG] [org.gradle.launcher.daemon.server.DefaultDaemonConnection] thread 247: Received non-IO message from client: InvalidateVirtualFileSystem[id=52c28b03-1ecf-4469-9c87-21e8677343fd]
2023-10-20T16:23:05.145+0100 [INFO] [org.gradle.launcher.daemon.server.DefaultIncomingConnectionHandler] Received command: InvalidateVirtualFileSystem[id=52c28b03-1ecf-4469-9c87-21e8677343fd].
2023-10-20T16:23:05.145+0100 [DEBUG] [org.gradle.launcher.daemon.server.DefaultIncomingConnectionHandler] Starting executing command: InvalidateVirtualFileSystem[id=52c28b03-1ecf-4469-9c87-21e8677343fd] with connection: socket connection from /127.0.0.1:59448 to /127.0.0.1:59496.
2023-10-20T16:23:05.149+0100 [DEBUG] [org.gradle.launcher.daemon.server.SynchronizedDispatchConnection] thread 249: received class org.gradle.launcher.daemon.protocol.Build
2023-10-20T16:23:05.149+0100 [DEBUG] [org.gradle.launcher.daemon.server.DefaultDaemonConnection] thread 249: Received non-IO message from client: Build{id=6d627207-c47e-4411-8be8-3de420d2bea9, currentDir=C:\Users\91836\AppList\fundamentalconceptbtn}
2023-10-20T16:23:05.150+0100 [INFO] [org.gradle.launcher.daemon.server.DefaultIncomingConnectionHandler] Received command: Build{id=6d627207-c47e-4411-8be8-3de420d2bea9, currentDir=C:\Users\91836\AppList\fundamentalconceptbtn}.
2023-10-20T16:23:05.150+0100 [DEBUG] [org.gradle.launcher.daemon.server.DefaultIncomingConnectionHandler] Starting executing command: Build{id=6d627207-c47e-4411-8be8-3de420d2bea9, currentDir=C:\Users\91836\AppList\fundamentalconceptbtn} with connection: socket connection from /127.0.0.1:59448 to /127.0.0.1:59497.
2023-10-20T16:23:05.150+0100 [DEBUG] [org.gradle.launcher.daemon.server.DaemonStateCoordinator] Command execution: started DaemonCommandExecution[command = Build{id=6d627207-c47e-4411-8be8-3de420d2bea9, currentDir=C:\Users\91836\AppList\fundamentalconceptbtn}, connection = DefaultDaemonConnection: socket connection from /127.0.0.1:59448 to /127.0.0.1:59497] after 1.0 minutes of idle
2023-10-20T16:23:05.151+0100 [INFO] [org.gradle.launcher.daemon.server.DaemonRegistryUpdater] Marking the daemon as busy, address: [9b9fac48-7005-448c-9793-c36de487b535 port:59448, addresses:[localhost/127.0.0.1]]
2023-10-20T16:23:05.151+0100 [DEBUG] [org.gradle.launcher.daemon.registry.PersistentDaemonRegistry] Marking busy by address: [9b9fac48-7005-448c-9793-c36de487b535 port:59448, addresses:[localhost/127.0.0.1]]
2023-10-20T16:23:05.152+0100 [DEBUG] [org.gradle.cache.internal.DefaultFileLockManager] Waiting to acquire exclusive lock on daemon addresses registry.
2023-10-20T16:23:05.152+0100 [DEBUG] [org.gradle.cache.internal.DefaultFileLockManager] Lock acquired on daemon addresses registry.
2023-10-20T16:23:05.153+0100 [INFO] [org.gradle.launcher.daemon.server.api.HandleInvalidateVirtualFileSystem] Invalidating [C:\Users\91836\AppList\fundamentalconceptbtn\app\build.gradle]
2023-10-20T16:23:05.153+0100 [DEBUG] [org.gradle.cache.internal.DefaultFileLockManager] Releasing lock on daemon addresses registry.
2023-10-20T16:23:05.154+0100 [DEBUG] [org.gradle.launcher.daemon.server.DaemonStateCoordinator] resetting idle timer
2023-10-20T16:23:05.154+0100 [DEBUG] [org.gradle.launcher.daemon.server.DaemonStateCoordinator] daemon is running. Sleeping until state changes.
2023-10-20T16:23:05.155+0100 [INFO] [org.gradle.launcher.daemon.server.exec.StartBuildOrRespondWithBusy] Daemon is about to start building Build{id=6d627207-c47e-4411-8be8-3de420d2bea9, currentDir=C:\Users\91836\AppList\fundamentalconceptbtn}. Dispatching build started information...
2023-10-20T16:23:05.155+0100 [DEBUG] [org.gradle.internal.vfs.impl.AbstractVirtualFileSystem] Invalidating VFS paths: [C:\Users\91836\AppList\fundamentalconceptbtn\app\build.gradle]
2023-10-20T16:23:05.155+0100 [DEBUG] [org.gradle.launcher.daemon.server.SynchronizedDispatchConnection] thread 251: dispatching org.gradle.launcher.daemon.protocol.BuildStarted@656a68c2
2023-10-20T16:23:05.156+0100 [DEBUG] [org.gradle.launcher.daemon.server.exec.EstablishBuildEnvironment] Configuring env variables: [USERDOMAIN_ROAMINGPROFILE, PROCESSOR_LEVEL, RegionCode, SESSIONNAME, ALLUSERSPROFILE, PROCESSOR_ARCHITECTURE, PSModulePath, SystemDrive, USERNAME, ProgramFiles(x86), PATHEXT, DriverData, OneDriveConsumer, LIBJABRA_TRACE_LEVEL, platformcode, ProgramData, ProgramW6432, HOMEPATH, PROCESSOR_IDENTIFIER, ProgramFiles, PUBLIC, windir, =::, LOCALAPPDATA, ChocolateyLastPathUpdate, USERDOMAIN, LOGONSERVER, JAVA_HOME, EFC_22784, OneDrive, APPDATA, ChocolateyInstall, CommonProgramFiles, Path, OS, COMPUTERNAME, OnlineServices, PROCESSOR_REVISION, CommonProgramW6432, ComSpec, TEMP, SystemRoot, HOMEDRIVE, USERPROFILE, TMP, CommonProgramFiles(x86), NUMBER_OF_PROCESSORS, IDEA_INITIAL_DIRECTORY]
2023-10-20T16:23:05.158+0100 [DEBUG] [org.gradle.launcher.daemon.server.SynchronizedDispatchConnection] thread 249: received class org.gradle.launcher.daemon.protocol.CloseInput
2023-10-20T16:23:05.158+0100 [DEBUG] [org.gradle.launcher.daemon.server.DefaultDaemonConnection] thread 249: Received IO message from client: org.gradle.launcher.daemon.protocol.CloseInput@23c0e591
2023-10-20T16:23:05.159+0100 [DEBUG] [org.gradle.launcher.daemon.server.exec.LogToClient] About to start relaying all logs to the client via the connection.
2023-10-20T16:23:05.159+0100 [INFO] [org.gradle.launcher.daemon.server.exec.LogToClient] The client will now receive all logging from the daemon (pid: 16672). The daemon log file: C:\Users\91836\AppList\fundamentalconceptbtn\daemon\8.0\daemon-16672.out.log
2023-10-20T16:23:05.161+0100 [INFO] [org.gradle.launcher.daemon.server.exec.LogAndCheckHealth] Starting 3rd build in daemon [uptime: 2 mins 26.217 secs, performance: 99%, GC rate: 0.00/s, heap usage: 0% of 2 GiB]
2023-10-20T16:23:05.161+0100 [DEBUG] [org.gradle.launcher.daemon.server.exec.ExecuteBuild] The daemon has started executing the build.
2023-10-20T16:23:05.162+0100 [INFO] [org.gradle.launcher.daemon.server.exec.ForwardClientInput] Closing daemon's stdin at end of input.
2023-10-20T16:23:05.162+0100 [INFO] [org.gradle.launcher.daemon.server.exec.ForwardClientInput] The daemon will no longer process any standard input.
2023-10-20T16:23:05.162+0100 [DEBUG] [org.gradle.launcher.daemon.server.exec.ExecuteBuild] Executing build with daemon context: DefaultDaemonContext[uid=ac7e5501-9cc6-4c98-94b1-01b6a13ac97d,javaHome=C:\Program Files\Android\Android Studio\jbr,daemonRegistryDir=C:\Users\91836\AppList\fundamentalconceptbtn\daemon,pid=16672,idleTimeout=10800000,priority=NORMAL,daemonOpts=--add-opens=java.base/java.util=ALL-UNNAMED,--add-opens=java.base/java.lang=ALL-UNNAMED,--add-opens=java.base/java.lang.invoke=ALL-UNNAMED,--add-opens=java.prefs/java.util.prefs=ALL-UNNAMED,--add-opens=java.base/java.nio.charset=ALL-UNNAMED,--add-opens=java.base/java.net=ALL-UNNAMED,--add-opens=java.base/java.util.concurrent.atomic=ALL-UNNAMED,-Xmx2048m,-Dfile.encoding=UTF-8,-Duser.country=IN,-Duser.language=en,-Duser.variant]

BUILD SUCCESSFUL in 6s
2023-10-20T16:23:11.960+0100 [DEBUG] [org.gradle.launcher.daemon.server.exec.ExecuteBuild] The daemon has finished executing the build.
2023-10-20T16:23:11.977+0100 [DEBUG] [org.gradle.launcher.daemon.server.DaemonStateCoordinator] daemon is running. Sleeping until state changes.
2023-10-20T16:23:11.978+0100 [DEBUG] [org.gradle.launcher.daemon.server.DaemonStateCoordinator] Command execution: finished waiting for DaemonCommandExecution[command = Build{id=6d627207-c47e-4411-8be8-3de420d2bea9, currentDir=C:\Users\91836\AppList\fundamentalconceptbtn}, connection = DefaultDaemonConnection: socket connection from /127.0.0.1:59448 to /127.0.0.1:59497]. Result org.gradle.launcher.daemon.server.DaemonStateCoordinator@54ac2790 with state Busy
2023-10-20T16:23:11.978+0100 [DEBUG] [org.gradle.launcher.daemon.server.DaemonStateCoordinator] Command execution: completed DaemonCommandExecution[command = Build{id=6d627207-c47e-4411-8be8-3de420d2bea9, currentDir=C:\Users\91836\AppList\fundamentalconceptbtn}, connection = DefaultDaemonConnection: socket connection from /127.0.0.1:59448 to /127.0.0.1:59497]
2023-10-20T16:23:11.978+0100 [DEBUG] [org.gradle.launcher.daemon.server.DaemonStateCoordinator] resetting idle timer
2023-10-20T16:23:11.979+0100 [INFO] [org.gradle.launcher.daemon.server.DaemonRegistryUpdater] Marking the daemon as idle, address: [9b9fac48-7005-448c-9793-c36de487b535 port:59448, addresses:[localhost/127.0.0.1]]
2023-10-20T16:23:11.979+0100 [DEBUG] [org.gradle.launcher.daemon.registry.PersistentDaemonRegistry] Marking busy by address: [9b9fac48-7005-448c-9793-c36de487b535 port:59448, addresses:[localhost/127.0.0.1]]
2023-10-20T16:23:11.980+0100 [DEBUG] [org.gradle.cache.internal.DefaultFileLockManager] Waiting to acquire exclusive lock on daemon addresses registry.
2023-10-20T16:23:11.980+0100 [DEBUG] [org.gradle.cache.internal.DefaultFileLockManager] Lock acquired on daemon addresses registry.
2023-10-20T16:23:11.985+0100 [DEBUG] [org.gradle.cache.internal.DefaultFileLockManager] Releasing lock on daemon addresses registry.
2023-10-20T16:23:11.987+0100 [DEBUG] [org.gradle.launcher.daemon.server.DaemonStateCoordinator] daemon is running. Sleeping until state changes.
2023-10-20T16:23:11.987+0100 [DEBUG] [org.gradle.launcher.daemon.server.exec.ReturnResult] Daemon is dispatching the build result: Success[value=org.gradle.launcher.exec.BuildActionResult@ff7a5c0]
2023-10-20T16:23:11.988+0100 [DEBUG] [org.gradle.launcher.daemon.server.SynchronizedDispatchConnection] thread 248: dispatching Success[value=org.gradle.launcher.exec.BuildActionResult@ff7a5c0]
2023-10-20T16:23:11.988+0100 [DEBUG] [org.gradle.launcher.daemon.server.DefaultIncomingConnectionHandler] Finishing executing command: Build{id=6d627207-c47e-4411-8be8-3de420d2bea9, currentDir=C:\Users\91836\AppList\fundamentalconceptbtn}
2023-10-20T16:23:12.178+0100 [DEBUG] [org.gradle.launcher.daemon.server.SynchronizedDispatchConnection] thread 249: received class org.gradle.launcher.daemon.protocol.Finished
2023-10-20T16:23:12.178+0100 [DEBUG] [org.gradle.launcher.daemon.server.DefaultDaemonConnection] thread 249: Received non-IO message from client: org.gradle.launcher.daemon.protocol.Finished@2d071f99
2023-10-20T16:23:12.179+0100 [DEBUG] [org.gradle.launcher.daemon.server.DefaultIncomingConnectionHandler] Received finished message: org.gradle.launcher.daemon.protocol.Finished@2d071f99
2023-10-20T16:23:12.180+0100 [DEBUG] [org.gradle.launcher.daemon.server.SynchronizedDispatchConnection] thread 248: stopping connection
2023-10-20T16:23:12.180+0100 [DEBUG] [org.gradle.internal.remote.internal.inet.SocketConnection] Discarding EOFException: java.io.EOFException
2023-10-20T16:23:12.180+0100 [DEBUG] [org.gradle.launcher.daemon.server.SynchronizedDispatchConnection] thread 249: received null
2023-10-20T16:23:12.180+0100 [DEBUG] [org.gradle.launcher.daemon.server.DefaultDaemonConnection] thread 249: Received end-of-input from client.
2023-10-20T16:23:12.181+0100 [DEBUG] [org.gradle.launcher.daemon.server.SynchronizedDispatchConnection] thread 248: stopping connection
2023-10-20T16:23:12.627+0100 [DEBUG] [org.gradle.cache.internal.LockOnDemandCrossProcessCacheAccess] Lock on journal cache (C:\Users\91836\AppList\fundamentalconceptbtn\caches\journal-1) requested by another process - releasing lock.
2023-10-20T16:23:12.628+0100 [DEBUG] [org.gradle.cache.internal.LockOnDemandCrossProcessCacheAccess] Releasing file lock for journal cache (C:\Users\91836\AppList\fundamentalconceptbtn\caches\journal-1)
2023-10-20T16:23:12.628+0100 [DEBUG] [org.gradle.cache.internal.btree.BTreePersistentIndexedCache] Closing cache file-access.bin (C:\Users\91836\AppList\fundamentalconceptbtn\caches\journal-1\file-access.bin)
2023-10-20T16:23:12.630+0100 [DEBUG] [org.gradle.cache.internal.DefaultFileLockManager] Releasing lock on journal cache (C:\Users\91836\AppList\fundamentalconceptbtn\caches\journal-1).
2023-10-20T16:23:12.631+0100 [DEBUG] [org.gradle.cache.internal.locklistener.FileLockCommunicator] Confirming lock release to Gradle process at port 55645 for lock with id 1177219426084759320.
2023-10-20T16:23:12.631+0100 [DEBUG] [org.gradle.cache.internal.locklistener.FileLockCommunicator] Confirming lock release to Gradle process at port 55645 for lock with id 1177219426084759320.
2023-10-20T16:23:12.827+0100 [DEBUG] [org.gradle.cache.internal.LockOnDemandCrossProcessCacheAccess] Lock on file hash cache (C:\Users\91836\AppList\fundamentalconceptbtn\caches\8.0\fileHashes) requested by another process - releasing lock.
2023-10-20T16:23:12.828+0100 [DEBUG] [org.gradle.cache.internal.LockOnDemandCrossProcessCacheAccess] Releasing file lock for file hash cache (C:\Users\91836\AppList\fundamentalconceptbtn\caches\8.0\fileHashes)
2023-10-20T16:23:12.828+0100 [DEBUG] [org.gradle.cache.internal.btree.BTreePersistentIndexedCache] Closing cache fileHashes.bin (C:\Users\91836\AppList\fundamentalconceptbtn\caches\8.0\fileHashes\fileHashes.bin)
2023-10-20T16:23:12.828+0100 [DEBUG] [org.gradle.cache.internal.btree.BTreePersistentIndexedCache] Closing cache resourceHashesCache.bin (C:\Users\91836\AppList\fundamentalconceptbtn\caches\8.0\fileHashes\resourceHashesCache.bin)
2023-10-20T16:23:12.829+0100 [DEBUG] [org.gradle.cache.internal.DefaultFileLockManager] Releasing lock on file hash cache (C:\Users\91836\AppList\fundamentalconceptbtn\caches\8.0\fileHashes).
2023-10-20T16:23:12.830+0100 [DEBUG] [org.gradle.cache.internal.locklistener.FileLockCommunicator] Confirming lock release to Gradle process at port 55645 for lock with id 998299298412772032.
2023-10-20T16:23:12.830+0100 [DEBUG] [org.gradle.cache.internal.locklistener.FileLockCommunicator] Confirming lock release to Gradle process at port 55645 for lock with id 998299298412772032.
2023-10-20T16:23:13.309+0100 [DEBUG] [org.gradle.cache.internal.LockOnDemandCrossProcessCacheAccess] Lock on jars (C:\Users\91836\AppList\fundamentalconceptbtn\caches\jars-9) requested by another process - releasing lock.
2023-10-20T16:23:13.309+0100 [DEBUG] [org.gradle.cache.internal.LockOnDemandCrossProcessCacheAccess] Releasing file lock for jars (C:\Users\91836\AppList\fundamentalconceptbtn\caches\jars-9)
2023-10-20T16:23:13.309+0100 [DEBUG] [org.gradle.cache.internal.DefaultFileLockManager] Releasing lock on jars (C:\Users\91836\AppList\fundamentalconceptbtn\caches\jars-9).
2023-10-20T16:23:13.310+0100 [DEBUG] [org.gradle.cache.internal.locklistener.FileLockCommunicator] Confirming lock release to Gradle process at port 55645 for lock with id -8984069313043968189.
2023-10-20T16:23:13.310+0100 [DEBUG] [org.gradle.cache.internal.locklistener.FileLockCommunicator] Confirming lock release to Gradle process at port 55645 for lock with id -8984069313043968189.
2023-10-20T16:23:14.063+0100 [DEBUG] [org.gradle.cache.internal.LockOnDemandCrossProcessCacheAccess] Lock on file content cache (C:\Users\91836\AppList\fundamentalconceptbtn\caches\8.0\fileContent) requested by another process - releasing lock.
2023-10-20T16:23:14.064+0100 [DEBUG] [org.gradle.cache.internal.LockOnDemandCrossProcessCacheAccess] Releasing file lock for file content cache (C:\Users\91836\AppList\fundamentalconceptbtn\caches\8.0\fileContent)
2023-10-20T16:23:14.064+0100 [DEBUG] [org.gradle.cache.internal.DefaultFileLockManager] Releasing lock on file content cache (C:\Users\91836\AppList\fundamentalconceptbtn\caches\8.0\fileContent).
2023-10-20T16:23:14.070+0100 [DEBUG] [org.gradle.cache.internal.locklistener.FileLockCommunicator] Confirming lock release to Gradle process at port 55645 for lock with id -5300765428240147480.
2023-10-20T16:23:14.070+0100 [DEBUG] [org.gradle.cache.internal.locklistener.FileLockCommunicator] Confirming lock release to Gradle process at port 55645 for lock with id -5300765428240147480.
2023-10-20T16:23:14.447+0100 [DEBUG] [org.gradle.cache.internal.LockOnDemandCrossProcessCacheAccess] Lock on execution history cache (C:\Users\91836\AppList\fundamentalconceptbtn\caches\8.0\executionHistory) requested by another process - releasing lock.
2023-10-20T16:23:14.447+0100 [DEBUG] [org.gradle.cache.internal.LockOnDemandCrossProcessCacheAccess] Releasing file lock for execution history cache (C:\Users\91836\AppList\fundamentalconceptbtn\caches\8.0\executionHistory)
2023-10-20T16:23:14.447+0100 [DEBUG] [org.gradle.cache.internal.btree.BTreePersistentIndexedCache] Closing cache executionHistory.bin (C:\Users\91836\AppList\fundamentalconceptbtn\caches\8.0\executionHistory\executionHistory.bin)
2023-10-20T16:23:14.448+0100 [DEBUG] [org.gradle.cache.internal.DefaultFileLockManager] Releasing lock on execution history cache (C:\Users\91836\AppList\fundamentalconceptbtn\caches\8.0\executionHistory).
2023-10-20T16:23:14.449+0100 [DEBUG] [org.gradle.cache.internal.locklistener.FileLockCommunicator] Confirming lock release to Gradle process at port 55645 for lock with id 825832407166883961.
2023-10-20T16:23:14.449+0100 [DEBUG] [org.gradle.cache.internal.locklistener.FileLockCommunicator] Confirming lock release to Gradle process at port 55645 for lock with id 825832407166883961.
2023-10-20T16:23:15.964+0100 [DEBUG] [org.gradle.process.internal.health.memory.DefaultMemoryManager] 847064678 memory requested, 530493440 free
2023-10-20T16:23:15.965+0100 [DEBUG] [org.gradle.workers.internal.WorkerDaemonExpiration] Will attempt to release 807 of memory
2023-10-20T16:23:15.965+0100 [DEBUG] [org.gradle.process.internal.health.memory.DefaultMemoryManager] 847064678 memory requested, 0 released, 530493440 free
2023-10-20T16:23:17.232+0100 [DEBUG] [org.gradle.cache.internal.LockOnDemandCrossProcessCacheAccess] Lock on artifact cache (C:\Users\91836\AppList\fundamentalconceptbtn\caches\modules-2) requested by another process - releasing lock.
2023-10-20T16:23:17.232+0100 [DEBUG] [org.gradle.cache.internal.LockOnDemandCrossProcessCacheAccess] Releasing file lock for artifact cache (C:\Users\91836\AppList\fundamentalconceptbtn\caches\modules-2)
2023-10-20T16:23:17.232+0100 [DEBUG] [org.gradle.cache.internal.btree.BTreePersistentIndexedCache] Closing cache module-metadata.bin (C:\Users\91836\AppList\fundamentalconceptbtn\caches\modules-2\metadata-2.100\module-metadata.bin)
2023-10-20T16:23:17.235+0100 [DEBUG] [org.gradle.cache.internal.btree.BTreePersistentIndexedCache] Closing cache module-artifact.bin (C:\Users\91836\AppList\fundamentalconceptbtn\caches\modules-2\metadata-2.100\module-artifact.bin)
2023-10-20T16:23:17.237+0100 [DEBUG] [org.gradle.cache.internal.btree.BTreePersistentIndexedCache] Closing cache module-artifacts.bin (C:\Users\91836\AppList\fundamentalconceptbtn\caches\modules-2\metadata-2.100\module-artifacts.bin)
2023-10-20T16:23:17.237+0100 [DEBUG] [org.gradle.cache.internal.DefaultFileLockManager] Releasing lock on artifact cache (C:\Users\91836\AppList\fundamentalconceptbtn\caches\modules-2).
2023-10-20T16:23:17.237+0100 [DEBUG] [org.gradle.cache.internal.locklistener.FileLockCommunicator] Confirming lock release to Gradle process at port 55645 for lock with id 1584724880796325168.
2023-10-20T16:23:17.238+0100 [DEBUG] [org.gradle.cache.internal.locklistener.FileLockCommunicator] Confirming lock release to Gradle process at port 55645 for lock with id 1584724880796325168.
2023-10-20T16:23:20.338+0100 [DEBUG] [org.gradle.cache.internal.DefaultFileLockManager] Waiting to acquire shared lock on daemon addresses registry.
2023-10-20T16:23:20.339+0100 [DEBUG] [org.gradle.cache.internal.DefaultFileLockManager] Lock acquired on daemon addresses registry.
2023-10-20T16:23:20.340+0100 [DEBUG] [org.gradle.cache.internal.DefaultFileLockManager] Releasing lock on daemon addresses registry.
2023-10-20T16:23:20.341+0100 [DEBUG] [org.gradle.cache.internal.DefaultFileLockManager] Waiting to acquire shared lock on daemon addresses registry.
2023-10-20T16:23:20.342+0100 [DEBUG] [org.gradle.cache.internal.DefaultFileLockManager] Lock acquired on daemon addresses registry.
2023-10-20T16:23:20.342+0100 [DEBUG] [org.gradle.cache.internal.DefaultFileLockManager] Releasing lock on daemon addresses registry.
2023-10-20T16:23:20.976+0100 [DEBUG] [org.gradle.process.internal.health.memory.DefaultMemoryManager] 847064678 memory requested, 436334592 free
2023-10-20T16:23:20.977+0100 [DEBUG] [org.gradle.workers.internal.WorkerDaemonExpiration] Will attempt to release 807 of memory
2023-10-20T16:23:20.977+0100 [DEBUG] [org.gradle.process.internal.health.memory.DefaultMemoryManager] 847064678 memory requested, 0 released, 436334592 free
2023-10-20T16:23:24.749+0100 [DEBUG] [org.gradle.internal.watch.registry.impl.DefaultFileWatcherProbeRegistry] Triggering watch probe for C:\Users\91836\AppList\fundamentalconceptbtn
2023-10-20T16:23:24.750+0100 [DEBUG] [org.gradle.internal.watch.registry.impl.DefaultFileWatcherProbeRegistry] Triggering watch probe for C:\Users\91836\AppList\fundamentalconceptbtn
2023-10-20T16:23:24.759+0100 [DEBUG] [org.gradle.cache.internal.LockOnDemandCrossProcessCacheAccess] Lock on Artifact transforms cache (C:\Users\91836\AppList\fundamentalconceptbtn\caches\transforms-3) requested by another process - releasing lock.
2023-10-20T16:23:24.760+0100 [DEBUG] [org.gradle.cache.internal.LockOnDemandCrossProcessCacheAccess] Releasing file lock for Artifact transforms cache (C:\Users\91836\AppList\fundamentalconceptbtn\caches\transforms-3)
2023-10-20T16:23:24.761+0100 [DEBUG] [org.gradle.cache.internal.DefaultFileLockManager] Releasing lock on Artifact transforms cache (C:\Users\91836\AppList\fundamentalconceptbtn\caches\transforms-3).
2023-10-20T16:23:24.761+0100 [DEBUG] [org.gradle.cache.internal.locklistener.FileLockCommunicator] Confirming lock release to Gradle process at port 55645 for lock with id 4595810815698760777.
2023-10-20T16:23:24.762+0100 [DEBUG] [org.gradle.cache.internal.locklistener.FileLockCommunicator] Confirming lock release to Gradle process at port 55645 for lock with id 4595810815698760777.
2023-10-20T16:23:25.996+0100 [DEBUG] [org.gradle.process.internal.health.memory.DefaultMemoryManager] 847064678 memory requested, 534900736 free
2023-10-20T16:23:25.997+0100 [DEBUG] [org.gradle.workers.internal.WorkerDaemonExpiration] Will attempt to release 807 of memory
2023-10-20T16:23:25.997+0100 [DEBUG] [org.gradle.process.internal.health.memory.DefaultMemoryManager] 847064678 memory requested, 0 released, 534900736 free
2023-10-20T16:23:30.347+0100 [DEBUG] [org.gradle.cache.internal.DefaultFileLockManager] Waiting to acquire shared lock on daemon addresses registry.
2023-10-20T16:23:30.347+0100 [DEBUG] [org.gradle.cache.internal.DefaultFileLockManager] Lock acquired on daemon addresses registry.
2023-10-20T16:23:30.347+0100 [DEBUG] [org.gradle.cache.internal.DefaultFileLockManager] Releasing lock on daemon addresses registry.
2023-10-20T16:23:30.349+0100 [DEBUG] [org.gradle.cache.internal.DefaultFileLockManager] Waiting to acquire shared lock on daemon addresses registry.
2023-10-20T16:23:30.349+0100 [DEBUG] [org.gradle.cache.internal.DefaultFileLockManager] Lock acquired on daemon addresses registry.
2023-10-20T16:23:30.349+0100 [DEBUG] [org.gradle.cache.internal.DefaultFileLockManager] Releasing lock on daemon addresses registry.
2023-10-20T16:23:30.356+0100 [DEBUG] [org.gradle.cache.internal.DefaultFileLockManager] Waiting to acquire shared lock on daemon addresses registry.
2023-10-20T16:23:30.356+0100 [DEBUG] [org.gradle.cache.internal.DefaultFileLockManager] Lock acquired on daemon addresses registry.
2023-10-20T16:23:30.356+0100 [DEBUG] [org.gradle.cache.internal.DefaultFileLockManager] Releasing lock on daemon addresses registry.
2023-10-20T16:23:30.357+0100 [DEBUG] [org.gradle.launcher.daemon.server.health.LowMemoryDaemonExpirationStrategy] Nearing low memory threshold - OS memory {Total: 8470646784, Free: 534900736}
2023-10-20T16:23:30.358+0100 [DEBUG] [org.gradle.cache.internal.DefaultFileLockManager] Waiting to acquire shared lock on daemon addresses registry.
2023-10-20T16:23:30.358+0100 [DEBUG] [org.gradle.cache.internal.DefaultFileLockManager] Lock acquired on daemon addresses registry.
2023-10-20T16:23:30.359+0100 [DEBUG] [org.gradle.cache.internal.DefaultFileLockManager] Releasing lock on daemon addresses registry.
2023-10-20T16:23:30.360+0100 [DEBUG] [org.gradle.launcher.daemon.server.DaemonRegistryUpdater] Storing daemon stop event: other compatible daemons were started and after being idle for 0 minutes and not recently used
2023-10-20T16:23:30.362+0100 [DEBUG] [org.gradle.launcher.daemon.registry.PersistentDaemonRegistry] Storing daemon stop event with timestamp 1697815410361
2023-10-20T16:23:30.379+0100 [DEBUG] [org.gradle.cache.internal.DefaultFileLockManager] Waiting to acquire exclusive lock on daemon addresses registry.
2023-10-20T16:23:30.381+0100 [DEBUG] [org.gradle.cache.internal.DefaultFileLockManager] Lock acquired on daemon addresses registry.
2023-10-20T16:23:30.382+0100 [DEBUG] [org.gradle.cache.internal.DefaultFileLockManager] Releasing lock on daemon addresses registry.
2023-10-20T16:23:30.383+0100 [LIFECYCLE] [org.gradle.launcher.daemon.server.DaemonStateCoordinator] Daemon will be stopped at the end of the build other compatible daemons were started and after being idle for 0 minutes and not recently used
2023-10-20T16:23:30.383+0100 [DEBUG] [org.gradle.launcher.daemon.server.DaemonStateCoordinator] Marking daemon stopped due to other compatible daemons were started and after being idle for 0 minutes and not recently used. The daemon is running a build: false
2023-10-20T16:23:30.384+0100 [DEBUG] [org.gradle.launcher.daemon.server.DaemonStateCoordinator] daemon has stopped.
2023-10-20T16:23:30.384+0100 [DEBUG] [org.gradle.launcher.daemon.server.Daemon] stop() called on daemon
2023-10-20T16:23:30.385+0100 [INFO] [org.gradle.launcher.daemon.server.Daemon] Stop requested. Daemon is removing its presence from the registry...
2023-10-20T16:23:30.388+0100 [DEBUG] [org.gradle.launcher.daemon.server.DaemonRegistryUpdater] Removing our presence to clients, eg. removing this address from the registry: [9b9fac48-7005-448c-9793-c36de487b535 port:59448, addresses:[localhost/127.0.0.1]]
2023-10-20T16:23:30.388+0100 [DEBUG] [org.gradle.launcher.daemon.registry.PersistentDaemonRegistry] Removing daemon address: [9b9fac48-7005-448c-9793-c36de487b535 port:59448, addresses:[localhost/127.0.0.1]]
2023-10-20T16:23:30.393+0100 [DEBUG] [org.gradle.cache.internal.DefaultFileLockManager] Waiting to acquire exclusive lock on daemon addresses registry.
2023-10-20T16:23:30.394+0100 [DEBUG] [org.gradle.cache.internal.DefaultFileLockManager] Lock acquired on daemon addresses registry.
2023-10-20T16:23:30.395+0100 [DEBUG] [org.gradle.cache.internal.DefaultFileLockManager] Releasing lock on daemon addresses registry.
2023-10-20T16:23:30.396+0100 [DEBUG] [org.gradle.launcher.daemon.server.DaemonRegistryUpdater] Address removed from registry.
2023-10-20T16:23:30.411+0100 [DEBUG] [org.gradle.cache.internal.DefaultPersistentDirectoryStore] jars (C:\Users\91836\AppList\fundamentalconceptbtn\caches\jars-9) has last been fully cleaned up 0 hours ago
2023-10-20T16:23:30.419+0100 [DEBUG] [org.gradle.cache.internal.DefaultPersistentDirectoryStore] Artifact transforms cache (C:\Users\91836\AppList\fundamentalconceptbtn\caches\transforms-3) has last been fully cleaned up 0 hours ago
2023-10-20T16:23:30.474+0100 [DEBUG] [org.gradle.internal.watch.vfs.impl.WatchingVirtualFileSystem] Closing VFS, dropping state
2023-10-20T16:23:30.499+0100 [DEBUG] [org.gradle.cache.internal.DefaultCacheAccess] Cache Generated Gradle JARs cache (C:\Users\91836\AppList\fundamentalconceptbtn\caches\8.0\generated-gradle-jars) was closed 0 times.
2023-10-20T16:23:30.499+0100 [DEBUG] [org.gradle.internal.watch.registry.impl.DefaultFileWatcherRegistry] Finished listening to file system change events
2023-10-20T16:23:30.500+0100 [DEBUG] [org.gradle.cache.internal.DefaultPersistentDirectoryStore] artifact cache (C:\Users\91836\AppList\fundamentalconceptbtn\caches\modules-2) has last been fully cleaned up 0 hours ago
2023-10-20T16:23:30.501+0100 [DEBUG] [org.gradle.cache.internal.DefaultCacheAccess] Cache journal cache (C:\Users\91836\AppList\fundamentalconceptbtn\caches\journal-1) was closed 2 times.
2023-10-20T16:23:30.521+0100 [DEBUG] [org.gradle.launcher.daemon.registry.PersistentDaemonRegistry] Removing daemon address: [9b9fac48-7005-448c-9793-c36de487b535 port:59448, addresses:[localhost/127.0.0.1]]
Daemon vm is shutting down... The daemon has exited normally or was terminated in response to a user interrupt.
2023-10-20T16:23:30.522+0100 [DEBUG] [org.gradle.cache.internal.DefaultFileLockManager] Waiting to acquire exclusive lock on daemon addresses registry.
2023-10-20T16:23:30.523+0100 [DEBUG] [org.gradle.cache.internal.DefaultFileLockManager] Lock acquired on daemon addresses registry.
2023-10-20T16:23:30.524+0100 [DEBUG] [org.gradle.cache.internal.DefaultFileLockManager] Releasing lock on daemon addresses registry.
